#
# There is insufficient memory for the Java Runtime Environment to continue.
# Native memory allocation (mmap) failed to map 50069504 bytes for committing reserved memory.
# Possible reasons:
#   The system is out of physical RAM or swap space
#   In 32 bit mode, the process size limit was hit
# Possible solutions:
#   Reduce memory load on the system
#   Increase physical memory or swap space
#   Check if swap backing store is full
#   Use 64 bit Java on a 64 bit OS
#   Decrease Java heap size (-Xmx/-Xms)
#   Decrease number of Java threads
#   Decrease Java thread stack sizes (-Xss)
#   Set larger code cache with -XX:ReservedCodeCacheSize=
# This output file may be truncated or incomplete.
#
#  Out of Memory Error (os_linux.cpp:2627), pid=7808, tid=140220977596160
#
# JRE version: Java(TM) SE Runtime Environment (8.0_65-b17) (build 1.8.0_65-b17)
# Java VM: Java HotSpot(TM) 64-Bit Server VM (25.65-b01 mixed mode linux-amd64 compressed oops)
# Failed to write core dump. Core dumps have been disabled. To enable core dumping, try "ulimit -c unlimited" before starting Java again
#

---------------  T H R E A D  ---------------

Current thread (0x00007f87b806e800):  VMThread [stack: 0x00007f87bd7f4000,0x00007f87bd8f5000] [id=7812]

Stack: [0x00007f87bd7f4000,0x00007f87bd8f5000],  sp=0x00007f87bd8f3410,  free space=1021k
Native frames: (J=compiled Java code, j=interpreted, Vv=VM code, C=native code)
V  [libjvm.so+0xab97ea]  VMError::report_and_die()+0x2ba
V  [libjvm.so+0x4f9dcb]  report_vm_out_of_memory(char const*, int, unsigned long, VMErrorType, char const*)+0x8b
V  [libjvm.so+0x91a7c3]  os::Linux::commit_memory_impl(char*, unsigned long, bool)+0x103
V  [libjvm.so+0x91ad19]  os::pd_commit_memory(char*, unsigned long, unsigned long, bool)+0x29
V  [libjvm.so+0x91502a]  os::commit_memory(char*, unsigned long, unsigned long, bool)+0x2a
V  [libjvm.so+0xab5549]  VirtualSpace::expand_by(unsigned long, bool)+0x199
V  [libjvm.so+0x5f59d5]  OneContigSpaceCardGeneration::grow_by(unsigned long)+0x25
V  [libjvm.so+0x5f5d9f]  CardGeneration::expand(unsigned long, unsigned long)+0x6f
V  [libjvm.so+0x5f5e4e]  OneContigSpaceCardGeneration::expand(unsigned long, unsigned long)+0x3e
V  [libjvm.so+0x5e6fb4]  GenCollectedHeap::do_collection(bool, bool, unsigned long, bool, int)+0x734
V  [libjvm.so+0x4854e4]  GenCollectorPolicy::satisfy_failed_allocation(unsigned long, bool)+0x134
V  [libjvm.so+0xaba7f4]  VM_GenCollectForAllocation::doit()+0x94
V  [libjvm.so+0xac2c35]  VM_Operation::evaluate()+0x55
V  [libjvm.so+0xac100a]  VMThread::evaluate_operation(VM_Operation*)+0xba
V  [libjvm.so+0xac138e]  VMThread::loop()+0x1ce
V  [libjvm.so+0xac1800]  VMThread::run()+0x70
V  [libjvm.so+0x91cb88]  java_start(Thread*)+0x108

VM_Operation (0x00007f87a8336010): GenCollectForAllocation, mode: safepoint, requested by thread 0x00007f877c00f000


---------------  P R O C E S S  ---------------

Java Threads: ( => current thread )
  0x00007f877892d000 JavaThread "File lock request listener" [_thread_in_native, id=7836, stack(0x00007f877394d000,0x00007f8773a4e000)]
  0x00007f8778615000 JavaThread "process reaper" daemon [_thread_blocked, id=7833, stack(0x00007f8773a4e000,0x00007f8773a87000)]
  0x00007f877c00f000 JavaThread "Daemon worker" [_thread_blocked, id=7826, stack(0x00007f87a823b000,0x00007f87a833c000)]
  0x00007f877c00e800 JavaThread "Cancel handler" [_thread_blocked, id=7825, stack(0x00007f87a833c000,0x00007f87a843d000)]
  0x00007f877c007000 JavaThread "Handler for socket connection from /127.0.0.1:45709 to /127.0.0.1:58830" [_thread_in_native, id=7824, stack(0x00007f87a843d000,0x00007f87a853e000)]
  0x00007f8788004800 JavaThread "Daemon" [_thread_blocked, id=7823, stack(0x00007f87a853e000,0x00007f87a863f000)]
  0x00007f87b8b03000 JavaThread "Incoming local TCP Connector on port 45709" [_thread_in_native, id=7821, stack(0x00007f87a863f000,0x00007f87a8740000)]
  0x00007f87b80b5800 JavaThread "Service Thread" daemon [_thread_blocked, id=7818, stack(0x00007f87bcb0b000,0x00007f87bcc0c000)]
  0x00007f87b80b0800 JavaThread "C1 CompilerThread1" daemon [_thread_blocked, id=7817, stack(0x00007f87bcc0c000,0x00007f87bcd0d000)]
  0x00007f87b80ae000 JavaThread "C2 CompilerThread0" daemon [_thread_blocked, id=7816, stack(0x00007f87bcd0d000,0x00007f87bce0e000)]
  0x00007f87b80ac800 JavaThread "Signal Dispatcher" daemon [_thread_blocked, id=7815, stack(0x00007f87bce0e000,0x00007f87bcf0f000)]
  0x00007f87b8075800 JavaThread "Finalizer" daemon [_thread_blocked, id=7814, stack(0x00007f87bd5f2000,0x00007f87bd6f3000)]
  0x00007f87b8073800 JavaThread "Reference Handler" daemon [_thread_blocked, id=7813, stack(0x00007f87bd6f3000,0x00007f87bd7f4000)]
  0x00007f87b800a000 JavaThread "main" [_thread_blocked, id=7811, stack(0x00007f87c18d8000,0x00007f87c19d9000)]

Other Threads:
=>0x00007f87b806e800 VMThread [stack: 0x00007f87bd7f4000,0x00007f87bd8f5000] [id=7812]
  0x00007f87b80b8800 WatcherThread [stack: 0x00007f87bca0a000,0x00007f87bcb0b000] [id=7819]

VM state:at safepoint (normal execution)

VM Mutex/Monitor currently owned by a thread:  ([mutex/lock_event])
[0x00007f87b80063e0] Threads_lock - owner thread: 0x00007f87b806e800
[0x00007f87b80068e0] Heap_lock - owner thread: 0x00007f877c00f000

Heap:
 def new generation   total 30656K, used 3351K [0x00000000c0000000, 0x00000000c2140000, 0x00000000d5550000)
  eden space 27264K,  12% used [0x00000000c0000000, 0x00000000c0345f98, 0x00000000c1aa0000)
  from space 3392K,   0% used [0x00000000c1df0000, 0x00000000c1df0000, 0x00000000c2140000)
  to   space 3392K,   0% used [0x00000000c1aa0000, 0x00000000c1aa0000, 0x00000000c1df0000)
 tenured generation   total 73344K, used 73343K [0x00000000d5550000, 0x00000000d9cf0000, 0x0000000100000000)
   the space 73344K,  99% used [0x00000000d5550000, 0x00000000d9ceffd8, 0x00000000d9cf0000, 0x00000000d9cf0000)
 Metaspace       used 45946K, capacity 48000K, committed 48256K, reserved 1091584K
  class space    used 6345K, capacity 7030K, committed 7040K, reserved 1048576K

Card table byte_map: [0x00007f87be499000,0x00007f87be69a000] byte_map_base: 0x00007f87bde99000

Polling page: 0x00007f87c19f8000

CodeCache: size=245760Kb used=17000Kb max_used=17000Kb free=228759Kb
 bounds [0x00007f87a9000000, 0x00007f87aa0b0000, 0x00007f87b8000000]
 total_blobs=6161 nmethods=5470 adapters=604
 compilation: enabled

Compilation events (10 events):
Event: 76,491 Thread 0x00007f87b80b0800 nmethod 6107 0x00007f87aa0a9510 code [0x00007f87aa0a9680, 0x00007f87aa0a9808]
Event: 76,491 Thread 0x00007f87b80b0800 6108       2       com.sun.tools.javac.comp.MemberEnter::visitTree (1 bytes)
Event: 76,492 Thread 0x00007f87b80b0800 nmethod 6108 0x00007f87aa0a9890 code [0x00007f87aa0a99e0, 0x00007f87aa0a9b30]
Event: 76,493 Thread 0x00007f87b80b0800 6109 %     3       com.sun.tools.javac.comp.MemberEnter::memberEnter @ 2 (30 bytes)
Event: 76,494 Thread 0x00007f87b80b0800 nmethod 6109% 0x00007f87aa0a9bd0 code [0x00007f87aa0a9d60, 0x00007f87aa0aa248]
Event: 76,495 Thread 0x00007f87b80b0800 6110       3       com.sun.tools.javac.comp.MemberEnter::memberEnter (30 bytes)
Event: 76,501 Thread 0x00007f87b80b0800 nmethod 6110 0x00007f87aa0aa3d0 code [0x00007f87aa0aa560, 0x00007f87aa0aaa08]
Event: 76,519 Thread 0x00007f87b80b0800 6111       2       com.sun.tools.javac.comp.Annotate::enterDone (15 bytes)
Event: 76,520 Thread 0x00007f87b80b0800 nmethod 6111 0x00007f87aa0aab90 code [0x00007f87aa0aad00, 0x00007f87aa0aae88]
Event: 76,530 Thread 0x00007f87b80b0800 6112   !   2       com.sun.tools.javac.comp.MemberEnter::complete (1573 bytes)

GC Heap History (10 events):
Event: 65,718 GC heap after
Heap after GC invocations=59 (full 4):
 def new generation   total 30656K, used 1196K [0x00000000c0000000, 0x00000000c2140000, 0x00000000d5550000)
  eden space 27264K,   0% used [0x00000000c0000000, 0x00000000c0000000, 0x00000000c1aa0000)
  from space 3392K,  35% used [0x00000000c1aa0000, 0x00000000c1bcb310, 0x00000000c1df0000)
  to   space 3392K,   0% used [0x00000000c1df0000, 0x00000000c1df0000, 0x00000000c2140000)
 tenured generation   total 67968K, used 42771K [0x00000000d5550000, 0x00000000d97b0000, 0x0000000100000000)
   the space 67968K,  62% used [0x00000000d5550000, 0x00000000d7f14e60, 0x00000000d7f15000, 0x00000000d97b0000)
 Metaspace       used 40443K, capacity 42340K, committed 42496K, reserved 1085440K
  class space    used 5696K, capacity 6340K, committed 6400K, reserved 1048576K
}
Event: 69,351 GC heap before
{Heap before GC invocations=59 (full 4):
 def new generation   total 30656K, used 28460K [0x00000000c0000000, 0x00000000c2140000, 0x00000000d5550000)
  eden space 27264K, 100% used [0x00000000c0000000, 0x00000000c1aa0000, 0x00000000c1aa0000)
  from space 3392K,  35% used [0x00000000c1aa0000, 0x00000000c1bcb310, 0x00000000c1df0000)
  to   space 3392K,   0% used [0x00000000c1df0000, 0x00000000c1df0000, 0x00000000c2140000)
 tenured generation   total 67968K, used 42771K [0x00000000d5550000, 0x00000000d97b0000, 0x0000000100000000)
   the space 67968K,  62% used [0x00000000d5550000, 0x00000000d7f14e60, 0x00000000d7f15000, 0x00000000d97b0000)
 Metaspace       used 44430K, capacity 46440K, committed 46592K, reserved 1089536K
  class space    used 6216K, capacity 6894K, committed 6912K, reserved 1048576K
Event: 69,427 GC heap after
Heap after GC invocations=60 (full 4):
 def new generation   total 30656K, used 3391K [0x00000000c0000000, 0x00000000c2140000, 0x00000000d5550000)
  eden space 27264K,   0% used [0x00000000c0000000, 0x00000000c0000000, 0x00000000c1aa0000)
  from space 3392K,  99% used [0x00000000c1df0000, 0x00000000c213fff8, 0x00000000c2140000)
  to   space 3392K,   0% used [0x00000000c1aa0000, 0x00000000c1aa0000, 0x00000000c1df0000)
 tenured generation   total 67968K, used 45527K [0x00000000d5550000, 0x00000000d97b0000, 0x0000000100000000)
   the space 67968K,  66% used [0x00000000d5550000, 0x00000000d81c5f10, 0x00000000d81c6000, 0x00000000d97b0000)
 Metaspace       used 44430K, capacity 46440K, committed 46592K, reserved 1089536K
  class space    used 6216K, capacity 6894K, committed 6912K, reserved 1048576K
}
Event: 70,835 GC heap before
{Heap before GC invocations=60 (full 4):
 def new generation   total 30656K, used 30655K [0x00000000c0000000, 0x00000000c2140000, 0x00000000d5550000)
  eden space 27264K, 100% used [0x00000000c0000000, 0x00000000c1aa0000, 0x00000000c1aa0000)
  from space 3392K,  99% used [0x00000000c1df0000, 0x00000000c213fff8, 0x00000000c2140000)
  to   space 3392K,   0% used [0x00000000c1aa0000, 0x00000000c1aa0000, 0x00000000c1df0000)
 tenured generation   total 67968K, used 45527K [0x00000000d5550000, 0x00000000d97b0000, 0x0000000100000000)
   the space 67968K,  66% used [0x00000000d5550000, 0x00000000d81c5f10, 0x00000000d81c6000, 0x00000000d97b0000)
 Metaspace       used 44785K, capacity 46760K, committed 46848K, reserved 1089536K
  class space    used 6236K, capacity 6894K, committed 6912K, reserved 1048576K
Event: 70,996 GC heap after
Heap after GC invocations=61 (full 4):
 def new generation   total 30656K, used 3392K [0x00000000c0000000, 0x00000000c2140000, 0x00000000d5550000)
  eden space 27264K,   0% used [0x00000000c0000000, 0x00000000c0000000, 0x00000000c1aa0000)
  from space 3392K, 100% used [0x00000000c1aa0000, 0x00000000c1df0000, 0x00000000c1df0000)
  to   space 3392K,   0% used [0x00000000c1df0000, 0x00000000c1df0000, 0x00000000c2140000)
 tenured generation   total 67968K, used 53159K [0x00000000d5550000, 0x00000000d97b0000, 0x0000000100000000)
   the space 67968K,  78% used [0x00000000d5550000, 0x00000000d8939d78, 0x00000000d8939e00, 0x00000000d97b0000)
 Metaspace       used 44785K, capacity 46760K, committed 46848K, reserved 1089536K
  class space    used 6236K, capacity 6894K, committed 6912K, reserved 1048576K
}
Event: 73,332 GC heap before
{Heap before GC invocations=61 (full 4):
 def new generation   total 30656K, used 30656K [0x00000000c0000000, 0x00000000c2140000, 0x00000000d5550000)
  eden space 27264K, 100% used [0x00000000c0000000, 0x00000000c1aa0000, 0x00000000c1aa0000)
  from space 3392K, 100% used [0x00000000c1aa0000, 0x00000000c1df0000, 0x00000000c1df0000)
  to   space 3392K,   0% used [0x00000000c1df0000, 0x00000000c1df0000, 0x00000000c2140000)
 tenured generation   total 67968K, used 53159K [0x00000000d5550000, 0x00000000d97b0000, 0x0000000100000000)
   the space 67968K,  78% used [0x00000000d5550000, 0x00000000d8939d78, 0x00000000d8939e00, 0x00000000d97b0000)
 Metaspace       used 45739K, capacity 47808K, committed 48000K, reserved 1089536K
  class space    used 6338K, capacity 7030K, committed 7040K, reserved 1048576K
Event: 73,436 GC heap after
Heap after GC invocations=62 (full 4):
 def new generation   total 30656K, used 3392K [0x00000000c0000000, 0x00000000c2140000, 0x00000000d5550000)
  eden space 27264K,   0% used [0x00000000c0000000, 0x00000000c0000000, 0x00000000c1aa0000)
  from space 3392K, 100% used [0x00000000c1df0000, 0x00000000c2140000, 0x00000000c2140000)
  to   space 3392K,   0% used [0x00000000c1aa0000, 0x00000000c1aa0000, 0x00000000c1df0000)
 tenured generation   total 67968K, used 57628K [0x00000000d5550000, 0x00000000d97b0000, 0x0000000100000000)
   the space 67968K,  84% used [0x00000000d5550000, 0x00000000d8d97298, 0x00000000d8d97400, 0x00000000d97b0000)
 Metaspace       used 45739K, capacity 47808K, committed 48000K, reserved 1089536K
  class space    used 6338K, capacity 7030K, committed 7040K, reserved 1048576K
}
Event: 75,128 GC heap before
{Heap before GC invocations=62 (full 4):
 def new generation   total 30656K, used 30656K [0x00000000c0000000, 0x00000000c2140000, 0x00000000d5550000)
  eden space 27264K, 100% used [0x00000000c0000000, 0x00000000c1aa0000, 0x00000000c1aa0000)
  from space 3392K, 100% used [0x00000000c1df0000, 0x00000000c2140000, 0x00000000c2140000)
  to   space 3392K,   0% used [0x00000000c1aa0000, 0x00000000c1aa0000, 0x00000000c1df0000)
 tenured generation   total 67968K, used 57628K [0x00000000d5550000, 0x00000000d97b0000, 0x0000000100000000)
   the space 67968K,  84% used [0x00000000d5550000, 0x00000000d8d97298, 0x00000000d8d97400, 0x00000000d97b0000)
 Metaspace       used 45863K, capacity 47872K, committed 48000K, reserved 1089536K
  class space    used 6345K, capacity 7030K, committed 7040K, reserved 1048576K
Event: 75,284 GC heap after
Heap after GC invocations=63 (full 4):
 def new generation   total 30656K, used 3392K [0x00000000c0000000, 0x00000000c2140000, 0x00000000d5550000)
  eden space 27264K,   0% used [0x00000000c0000000, 0x00000000c0000000, 0x00000000c1aa0000)
  from space 3392K, 100% used [0x00000000c1aa0000, 0x00000000c1df0000, 0x00000000c1df0000)
  to   space 3392K,   0% used [0x00000000c1df0000, 0x00000000c1df0000, 0x00000000c2140000)
 tenured generation   total 67968K, used 63577K [0x00000000d5550000, 0x00000000d97b0000, 0x0000000100000000)
   the space 67968K,  93% used [0x00000000d5550000, 0x00000000d93664f0, 0x00000000d9366600, 0x00000000d97b0000)
 Metaspace       used 45863K, capacity 47872K, committed 48000K, reserved 1089536K
  class space    used 6345K, capacity 7030K, committed 7040K, reserved 1048576K
}
Event: 76,626 GC heap before
{Heap before GC invocations=63 (full 4):
 def new generation   total 30656K, used 30656K [0x00000000c0000000, 0x00000000c2140000, 0x00000000d5550000)
  eden space 27264K, 100% used [0x00000000c0000000, 0x00000000c1aa0000, 0x00000000c1aa0000)
  from space 3392K, 100% used [0x00000000c1aa0000, 0x00000000c1df0000, 0x00000000c1df0000)
  to   space 3392K,   0% used [0x00000000c1df0000, 0x00000000c1df0000, 0x00000000c2140000)
 tenured generation   total 67968K, used 63577K [0x00000000d5550000, 0x00000000d97b0000, 0x0000000100000000)
   the space 67968K,  93% used [0x00000000d5550000, 0x00000000d93664f0, 0x00000000d9366600, 0x00000000d97b0000)
 Metaspace       used 45946K, capacity 48000K, committed 48256K, reserved 1091584K
  class space    used 6345K, capacity 7030K, committed 7040K, reserved 1048576K

Deoptimization events (10 events):
Event: 68,293 Thread 0x00007f877c00f000 Uncommon trap: reason=unstable_if action=reinterpret pc=0x00007f87a9762168 method=java.lang.CharacterDataLatin1.digit(II)I @ 31
Event: 68,977 Thread 0x00007f877c00f000 Uncommon trap: reason=unstable_if action=reinterpret pc=0x00007f87a9e9d6fc method=com.sun.tools.javac.util.ArrayUtils.ensureCapacity([CI)[C @ 3
Event: 69,028 Thread 0x00007f877c00f000 Uncommon trap: reason=unstable_if action=reinterpret pc=0x00007f87a9e59f50 method=com.sun.tools.javac.parser.UnicodeReader.scanChar()V @ 37
Event: 72,485 Thread 0x00007f877c00f000 Uncommon trap: reason=unstable_if action=reinterpret pc=0x00007f87a9e2f43c method=java.lang.reflect.Method.invoke(Ljava/lang/Object;[Ljava/lang/Object;)Ljava/lang/Object; @ 4
Event: 73,691 Thread 0x00007f877c00f000 Uncommon trap: reason=unstable_if action=reinterpret pc=0x00007f87a927e39c method=java.net.URI$Parser.scan(IILjava/lang/String;Ljava/lang/String;)I @ 23
Event: 74,660 Thread 0x00007f877c00f000 Uncommon trap: reason=class_check action=maybe_recompile pc=0x00007f87aa00414c method=lombok.javac.JavacNode.traverse(Llombok/javac/JavacASTVisitor;)V @ 69
Event: 74,660 Thread 0x00007f877c00f000 Uncommon trap: reason=class_check action=maybe_recompile pc=0x00007f87aa003fe8 method=lombok.javac.JavacNode.traverse(Llombok/javac/JavacASTVisitor;)V @ 112
Event: 74,666 Thread 0x00007f877c00f000 Uncommon trap: reason=class_check action=maybe_recompile pc=0x00007f87aa003f2c method=lombok.javac.JavacNode.traverse(Llombok/javac/JavacASTVisitor;)V @ 155
Event: 74,666 Thread 0x00007f877c00f000 Uncommon trap: reason=class_check action=maybe_recompile pc=0x00007f87aa003f2c method=lombok.javac.JavacNode.traverse(Llombok/javac/JavacASTVisitor;)V @ 155
Event: 74,746 Thread 0x00007f877c00f000 Uncommon trap: reason=unstable_if action=reinterpret pc=0x00007f87aa043830 method=lombok.javac.JavacNode.calculateIsStructurallySignificant(Lcom/sun/tools/javac/tree/JCTree;)Z @ 55

Internal exceptions (10 events):
Event: 62,994 Thread 0x00007f877c00f000 Exception <a 'java/lang/ClassNotFoundException': org/gradle/api/tasks/SyncCustomizer> (0x00000000c0b74f98) thrown at [/HUDSON/workspace/8-2-build-linux-amd64/jdk8u65/4987/hotspot/src/share/vm/classfile/systemDictionary.cpp, line 210]
Event: 62,998 Thread 0x00007f877c00f000 Exception <a 'java/lang/ClassNotFoundException': org/gradle/api/tasks/Sync_DecoratedCustomizer> (0x00000000c0b9b860) thrown at [/HUDSON/workspace/8-2-build-linux-amd64/jdk8u65/4987/hotspot/src/share/vm/classfile/systemDictionary.cpp, line 210]
Event: 63,076 Thread 0x00007f877c00f000 Exception <a 'java/lang/ClassNotFoundException': org/gradle/api/tasks/bundling/Zip_DecoratedBeanInfo> (0x00000000c0c7f920) thrown at [/HUDSON/workspace/8-2-build-linux-amd64/jdk8u65/4987/hotspot/src/share/vm/classfile/systemDictionary.cpp, line 210]
Event: 63,077 Thread 0x00007f877c00f000 Exception <a 'java/lang/ClassNotFoundException': org/gradle/api/tasks/bundling/Zip_DecoratedCustomizer> (0x00000000c0c8d800) thrown at [/HUDSON/workspace/8-2-build-linux-amd64/jdk8u65/4987/hotspot/src/share/vm/classfile/systemDictionary.cpp, line 210]
Event: 63,203 Thread 0x00007f877c00f000 Exception <a 'java/lang/ClassNotFoundException': com/android/build/gradle/internal/tasks/PrepareLibraryTask_DecoratedBeanInfo> (0x00000000c0de0520) thrown at [/HUDSON/workspace/8-2-build-linux-amd64/jdk8u65/4987/hotspot/src/share/vm/classfile/systemDictio
Event: 63,213 Thread 0x00007f877c00f000 Exception <a 'java/lang/ClassNotFoundException': com/android/build/gradle/internal/tasks/PrepareLibraryTaskBeanInfo> (0x00000000c0defff0) thrown at [/HUDSON/workspace/8-2-build-linux-amd64/jdk8u65/4987/hotspot/src/share/vm/classfile/systemDictionary.cpp, 
Event: 63,223 Thread 0x00007f877c00f000 Exception <a 'java/lang/ClassNotFoundException': com/android/build/gradle/internal/tasks/PrepareLibraryTaskCustomizer> (0x00000000c0e001b8) thrown at [/HUDSON/workspace/8-2-build-linux-amd64/jdk8u65/4987/hotspot/src/share/vm/classfile/systemDictionary.cpp
Event: 63,229 Thread 0x00007f877c00f000 Exception <a 'java/lang/ClassNotFoundException': com/android/build/gradle/internal/tasks/PrepareLibraryTask_DecoratedCustomizer> (0x00000000c0e258f0) thrown at [/HUDSON/workspace/8-2-build-linux-amd64/jdk8u65/4987/hotspot/src/share/vm/classfile/systemDict
Event: 65,560 Thread 0x00007f877c00f000 Exception <a 'java/lang/ClassNotFoundException': com/android/build/gradle/internal/dependency/SymbolFileProviderImplBeanInfo> (0x00000000c176a7f8) thrown at [/HUDSON/workspace/8-2-build-linux-amd64/jdk8u65/4987/hotspot/src/share/vm/classfile/systemDiction
Event: 65,562 Thread 0x00007f877c00f000 Exception <a 'java/lang/ClassNotFoundException': com/android/build/gradle/internal/dependency/SymbolFileProviderImplCustomizer> (0x00000000c177c328) thrown at [/HUDSON/workspace/8-2-build-linux-amd64/jdk8u65/4987/hotspot/src/share/vm/classfile/systemDicti

Events (10 events):
Event: 76,141 Thread 0x00007f877c00f000 DEOPT UNPACKING pc=0x00007f87a9047233 sp=0x00007f87a8336fd8 mode 0
Event: 76,293 Thread 0x00007f877c00f000 DEOPT PACKING pc=0x00007f87a9fb9367 sp=0x00007f87a8336970
Event: 76,293 Thread 0x00007f877c00f000 DEOPT UNPACKING pc=0x00007f87a9047233 sp=0x00007f87a83366f0 mode 0
Event: 76,350 Thread 0x00007f877c00f000 DEOPT PACKING pc=0x00007f87aa03411c sp=0x00007f87a83368f0
Event: 76,350 Thread 0x00007f877c00f000 DEOPT UNPACKING pc=0x00007f87a9047233 sp=0x00007f87a83365e8 mode 0
Event: 76,381 Thread 0x00007f877c00f000 DEOPT PACKING pc=0x00007f87a9f92856 sp=0x00007f87a8335ff0
Event: 76,381 Thread 0x00007f877c00f000 DEOPT UNPACKING pc=0x00007f87a9047233 sp=0x00007f87a8335d90 mode 0
Event: 76,502 Thread 0x00007f877c00f000 DEOPT PACKING pc=0x00007f87aa027286 sp=0x00007f87a8337590
Event: 76,502 Thread 0x00007f877c00f000 DEOPT UNPACKING pc=0x00007f87a9047233 sp=0x00007f87a83372f8 mode 0
Event: 76,624 Executing VM operation: GenCollectForAllocation


Dynamic libraries:
00400000-00401000 r-xp 00000000 08:02 2897584                            /usr/local/java/jdk1.8.0_65/bin/java
00600000-00601000 rw-p 00000000 08:02 2897584                            /usr/local/java/jdk1.8.0_65/bin/java
00ce3000-00d04000 rw-p 00000000 00:00 0                                  [heap]
c0000000-c2140000 rw-p 00000000 00:00 0 
c2140000-d5550000 ---p 00000000 00:00 0 
d5550000-d9cf0000 rw-p 00000000 00:00 0 
dccb0000-100000000 ---p 00000000 00:00 0 
100000000-1006e0000 rw-p 00000000 00:00 0 
1006e0000-140000000 ---p 00000000 00:00 0 
7f876c000000-7f876c021000 rw-p 00000000 00:00 0 
7f876c021000-7f8770000000 ---p 00000000 00:00 0 
7f8771994000-7f87719d5000 rw-p 00000000 00:00 0 
7f87719d5000-7f8771b95000 ---p 00000000 00:00 0 
7f8771b95000-7f8771b97000 r--s 00003000 08:02 133846                     /home/max/Android/Sdk/extras/android/m2repository/com/android/support/support-annotations/23.1.0/support-annotations-23.1.0.jar
7f8771b97000-7f8771b98000 r--s 00004000 08:02 401359                     /home/max/AndroidStudioProjects/Dogtin/app/build/intermediates/exploded-aar/Dogtin/AndTinder/unspecified/jars/classes.jar
7f8771b98000-7f8771ba2000 r--s 00041000 08:02 801318                     /home/max/AndroidStudioProjects/Dogtin/app/build/intermediates/exploded-aar/com.android.support/support-v4/23.1.0/jars/libs/internal_impl-23.1.0.jar
7f8771ba2000-7f8771bb4000 r--s 001cb000 08:02 4327691                    /home/max/.gradle/caches/modules-2/files-2.1/org.projectlombok/lombok/1.12.4/87cff683a77d5cfc7b1af009f0b7df720248755a/lombok-1.12.4.jar
7f8771bb4000-7f8771bc9000 r--s 000e5000 08:02 801316                     /home/max/AndroidStudioProjects/Dogtin/app/build/intermediates/exploded-aar/com.android.support/support-v4/23.1.0/jars/classes.jar
7f8771bc9000-7f8771bcb000 r--s 0000c000 08:02 4327577                    /home/max/.gradle/caches/modules-2/files-2.1/com.parse.bolts/bolts-android/1.2.0/6ee2953ccf51ce72b6d548c30c4633b99eb4f9dd/bolts-android-1.2.0.jar
7f8771bcb000-7f8771bd8000 r--s 0009f000 08:02 801329                     /home/max/AndroidStudioProjects/Dogtin/app/build/intermediates/exploded-aar/com.facebook.android/facebook-android-sdk/4.7.0/jars/classes.jar
7f8771bd8000-7f8771bdd000 r--s 00042000 08:02 401335                     /home/max/AndroidStudioProjects/Dogtin/app/build/intermediates/exploded-aar/com.android.support/recyclerview-v7/23.1.0/jars/classes.jar
7f8771bdd000-7f8771be7000 r--s 00087000 08:02 274672                     /home/max/AndroidStudioProjects/Dogtin/app/build/intermediates/exploded-aar/com.android.support/appcompat-v7/23.1.0/jars/classes.jar
7f8771be7000-7f8771bed000 r--s 00038000 08:02 401289                     /home/max/AndroidStudioProjects/Dogtin/app/build/intermediates/exploded-aar/com.android.support/design/23.1.0/jars/classes.jar
7f8771bed000-7f8771ded000 rw-p 00000000 00:00 0 
7f8771ded000-7f8771fed000 rw-p 00000000 00:00 0 
7f8771fed000-7f87721ed000 rw-p 00000000 00:00 0 
7f87721ed000-7f87723ed000 rw-p 00000000 00:00 0 
7f87723ed000-7f87723ff000 r--s 00345000 08:02 2897521                    /usr/local/java/jdk1.8.0_65/jre/lib/resources.jar
7f87723ff000-7f87725ff000 rw-p 00000000 00:00 0 
7f87725ff000-7f8772601000 r--s 00004000 08:02 6687601                    /home/max/android-studio/gradle/m2repository/org/ow2/asm/asm-tree/4.0/asm-tree-4.0.jar
7f8772601000-7f8772603000 r--s 0000a000 08:02 6687593                    /home/max/android-studio/gradle/m2repository/org/ow2/asm/asm/4.0/asm-4.0.jar
7f8772603000-7f877260c000 r--s 000a7000 08:02 6687704                    /home/max/android-studio/gradle/m2repository/com/android/tools/external/lombok/lombok-ast/0.2.2/lombok-ast-0.2.2.jar
7f877260c000-7f877260d000 r--s 00004000 08:02 6687580                    /home/max/android-studio/gradle/m2repository/org/ow2/asm/asm-analysis/4.0/asm-analysis-4.0.jar
7f877260d000-7f8772610000 r--s 00029000 08:02 4327645                    /home/max/.gradle/caches/modules-2/files-2.1/com.android.tools.lint/lint-api/24.0.1/dabee09e35f6947d639127efc5a17cba76901bd4/lint-api-24.0.1.jar
7f8772610000-7f8772611000 r--s 00005000 08:02 4327644                    /home/max/.gradle/caches/modules-2/files-2.1/com.android.tools/dvlib/24.0.1/88956eb2faa213e7ecba20d42ea814ad23ccb25a/dvlib-24.0.1.jar
7f8772611000-7f8772614000 r--s 00011000 08:02 4327643                    /home/max/.gradle/caches/modules-2/files-2.1/com.android.tools.layoutlib/layoutlib-api/24.0.1/99e81aa1d57c4a2764e3159ecaeb2c3d87e2adb1/layoutlib-api-24.0.1.jar
7f8772614000-7f8772624000 r--s 000d3000 08:02 6687895                    /home/max/android-studio/gradle/m2repository/net/sf/proguard/proguard-base/5.1/proguard-base-5.1.jar
7f8772624000-7f8772633000 r--s 001a9000 08:02 4327642                    /home/max/.gradle/caches/modules-2/files-2.1/org.eclipse.jdt.core.compiler/ecj/4.2.2/d9fd79499c664bccaf24dbe04be417de6c6af64a/ecj-4.2.2.jar
7f8772633000-7f8772638000 r--s 0008c000 08:02 4327641                    /home/max/.gradle/caches/modules-2/files-2.1/com.android.tools.lint/lint-checks/24.0.1/5852425e83bbf45642eb4c105999f3873c85321a/lint-checks-24.0.1.jar
7f8772638000-7f877263d000 r--s 00042000 08:02 4327640                    /home/max/.gradle/caches/modules-2/files-2.1/com.android.tools.ddms/ddmlib/24.0.1/96e5bff5e7352c0d4252a34d00e9fe4e1b9a9a60/ddmlib-24.0.1.jar
7f877263d000-7f8772640000 r--s 00029000 08:02 4327639                    /home/max/.gradle/caches/modules-2/files-2.1/com.android.tools.build/manifest-merger/24.0.1/42055d1aaf4b93dbfebfaea3a4fc2f33f76360df/manifest-merger-24.0.1.jar
7f8772640000-7f8772642000 r--s 00014000 08:02 4327638                    /home/max/.gradle/caches/modules-2/files-2.1/com.android.tools/common/24.0.1/96a3273bdb7dd2babc6b7469c43a6bedb87fb1bf/common-24.0.1.jar
7f8772642000-7f8772647000 r--s 00047000 08:02 4327637                    /home/max/.gradle/caches/modules-2/files-2.1/com.android.tools/sdk-common/24.0.1/78443e0d8bc5fd15ac02a4207752c990969ea32c/sdk-common-24.0.1.jar
7f8772647000-7f8772651000 r--s 000a8000 08:02 4327636                    /home/max/.gradle/caches/modules-2/files-2.1/com.android.tools/sdklib/24.0.1/129cb79134719e5e271e9a5d02dda97e359767a7/sdklib-24.0.1.jar
7f8772651000-7f8772652000 r--s 00000000 08:02 4327635                    /home/max/.gradle/caches/modules-2/files-2.1/com.android.tools.build/builder-test-api/1.0.1/ad1ed006cd1432f84d6018cae5b6c289f8b9a592/builder-test-api-1.0.1.jar
7f8772652000-7f8772654000 r--s 00003000 08:02 4327634                    /home/max/.gradle/caches/modules-2/files-2.1/com.android.tools.build/builder-model/1.0.1/e48e9a3058bb3a9813248cc79bd64e0c211faa5/builder-model-1.0.1.jar
7f8772654000-7f8772664000 r--s 00139000 08:02 4327631                    /home/max/.gradle/caches/modules-2/files-2.1/com.android.tools.build/gradle/1.0.1/cd1ae9a4b885e8f07572d0f894f149533c082cc8/gradle-1.0.1.jar
7f8772664000-7f8772864000 rw-p 00000000 00:00 0 
7f8772864000-7f8772a64000 rw-p 00000000 00:00 0 
7f8772a64000-7f8772c64000 rw-p 00000000 00:00 0 
7f8772c64000-7f8772c6c000 r-xp 00000000 08:02 2897432                    /usr/local/java/jdk1.8.0_65/jre/lib/amd64/libmanagement.so
7f8772c6c000-7f8772e6c000 ---p 00008000 08:02 2897432                    /usr/local/java/jdk1.8.0_65/jre/lib/amd64/libmanagement.so
7f8772e6c000-7f8772e6d000 rw-p 00008000 08:02 2897432                    /usr/local/java/jdk1.8.0_65/jre/lib/amd64/libmanagement.so
7f8772e6d000-7f8772e75000 r--s 000a8000 08:02 6687697                    /home/max/android-studio/gradle/m2repository/com/android/tools/external/lombok/lombok-ast/0.2.3/lombok-ast-0.2.3.jar
7f8772e75000-7f8773075000 rw-p 00000000 00:00 0 
7f8773075000-7f8773275000 rw-p 00000000 00:00 0 
7f8773275000-7f8773475000 rw-p 00000000 00:00 0 
7f8773475000-7f8773675000 rw-p 00000000 00:00 0 
7f8773675000-7f8773875000 rw-p 00000000 00:00 0 
7f8773875000-7f8773876000 r--s 00002000 08:02 6687905                    /home/max/android-studio/gradle/m2repository/net/sf/proguard/proguard-gradle/5.1/proguard-gradle-5.1.jar
7f8773876000-7f8773878000 r--s 00018000 08:02 4327633                    /home/max/.gradle/caches/modules-2/files-2.1/com.android.tools.lint/lint/24.0.1/d014feecb7c9f4a4bba61b056ff9251c5279df24/lint-24.0.1.jar
7f8773878000-7f877387c000 r--s 00031000 08:02 4327632                    /home/max/.gradle/caches/modules-2/files-2.1/com.android.tools.build/builder/1.0.1/c8d3894bf14b2754a94b5091a4a4bd84ea0aa6fc/builder-1.0.1.jar
7f877387c000-7f877387d000 r--s 00004000 08:02 6687889                    /home/max/android-studio/gradle/m2repository/com/intellij/annotations/12.0/annotations-12.0.jar
7f877387d000-7f877387f000 r--s 0000d000 08:02 6687929                    /home/max/android-studio/gradle/m2repository/commons-codec/commons-codec/1.4/commons-codec-1.4.jar
7f877387f000-7f8773881000 r--s 0000d000 08:02 6428049                    /home/max/android-studio/gradle/m2repository/commons-logging/commons-logging/1.1.1/commons-logging-1.1.1.jar
7f8773881000-7f8773886000 r--s 00028000 08:02 6687526                    /home/max/android-studio/gradle/m2repository/org/apache/httpcomponents/httpcore/4.1/httpcore-4.1.jar
7f8773886000-7f8773889000 r--s 0002d000 08:02 6687689                    /home/max/android-studio/gradle/m2repository/com/android/tools/lint/lint-api/24.3.0/lint-api-24.3.0.jar
7f8773889000-7f877388a000 r--s 00004000 08:02 6687584                    /home/max/android-studio/gradle/m2repository/org/ow2/asm/asm-analysis/5.0.3/asm-analysis-5.0.3.jar
7f877388a000-7f8773891000 r--s 00053000 08:02 6687543                    /home/max/android-studio/gradle/m2repository/org/apache/commons/commons-compress/1.8.1/commons-compress-1.8.1.jar
7f8773891000-7f8773896000 r--s 0002a000 08:02 6687632                    /home/max/android-studio/gradle/m2repository/com/google/code/gson/gson/2.2.4/gson-2.2.4.jar
7f8773896000-7f8773898000 r--s 00005000 08:02 6687519                    /home/max/android-studio/gradle/m2repository/org/apache/httpcomponents/httpmime/4.1/httpmime-4.1.jar
7f8773898000-7f877389b000 r--s 00013000 08:02 6687730                    /home/max/android-studio/gradle/m2repository/com/android/tools/layoutlib/layoutlib-api/24.3.0/layoutlib-api-24.3.0.jar
7f877389b000-7f87738a3000 r--s 0004e000 08:02 6687535                    /home/max/android-studio/gradle/m2repository/org/apache/httpcomponents/httpclient/4.1.1/httpclient-4.1.1.jar
7f87738a3000-7f87738a4000 r--s 00005000 08:02 6687755                    /home/max/android-studio/gradle/m2repository/com/android/tools/dvlib/24.3.0/dvlib-24.3.0.jar
7f87738a4000-7f87738a5000 r--s 0000a000 08:02 6687925                    /home/max/android-studio/gradle/m2repository/net/sf/kxml/kxml2/2.3.0/kxml2-2.3.0.jar
7f87738a5000-7f87738a6000 r--s 00001000 08:02 6687716                    /home/max/android-studio/gradle/m2repository/com/android/tools/annotations/24.3.0/annotations-24.3.0.jar
7f87738a6000-7f87738d1000 r--s 001f9000 08:02 6687639                    /home/max/android-studio/gradle/m2repository/com/google/guava/guava/17.0/guava-17.0.jar
7f87738d1000-7f87738e1000 r--s 000d6000 08:02 6687900                    /home/max/android-studio/gradle/m2repository/net/sf/proguard/proguard-base/5.2.1/proguard-base-5.2.1.jar
7f87738e1000-7f87738f3000 r--s 00223000 08:02 6559091                    /home/max/android-studio/gradle/m2repository/org/eclipse/jdt/core/compiler/ecj/4.4.2/ecj-4.4.2.jar
7f87738f3000-7f87738f9000 r--s 0009f000 08:02 6687676                    /home/max/android-studio/gradle/m2repository/com/android/tools/lint/lint-checks/24.3.0/lint-checks-24.3.0.jar
7f87738f9000-7f87738fa000 r--s 00002000 08:02 6687823                    /home/max/android-studio/gradle/m2repository/com/android/tools/build/builder-test-api/1.3.0/builder-test-api-1.3.0.jar
7f87738fa000-7f8773908000 r--s 00081000 08:02 6687561                    /home/max/android-studio/gradle/m2repository/org/bouncycastle/bcpkix-jdk15on/1.48/bcpkix-jdk15on-1.48.jar
7f8773908000-7f8773909000 r--s 0000c000 08:02 6687596                    /home/max/android-studio/gradle/m2repository/org/ow2/asm/asm/5.0.3/asm-5.0.3.jar
7f8773909000-7f877390c000 r--s 00028000 08:02 6687861                    /home/max/android-studio/gradle/m2repository/com/android/tools/build/manifest-merger/24.3.0/manifest-merger-24.3.0.jar
7f877390c000-7f8773916000 r--s 000ab000 08:02 6687876                    /home/max/android-studio/gradle/m2repository/com/android/tools/sdklib/24.3.0/sdklib-24.3.0.jar
7f8773916000-7f877391a000 r--s 00044000 08:02 6687782                    /home/max/android-studio/gradle/m2repository/com/android/tools/ddms/ddmlib/24.3.0/ddmlib-24.3.0.jar
7f877391a000-7f877394d000 r--s 00203000 08:02 6687567                    /home/max/android-studio/gradle/m2repository/org/bouncycastle/bcprov-jdk15on/1.48/bcprov-jdk15on-1.48.jar
7f877394d000-7f8773950000 ---p 00000000 00:00 0 
7f8773950000-7f8773a4e000 rw-p 00000000 00:00 0                          [stack:7836]
7f8773a4e000-7f8773a51000 ---p 00000000 00:00 0 
7f8773a51000-7f8773c87000 rw-p 00000000 00:00 0                          [stack:7833]
7f8773c87000-7f8773e87000 rw-p 00000000 00:00 0 
7f8773e87000-7f8773eff000 r--s 010e3000 08:02 2758575                    /usr/local/java/jdk1.8.0_65/lib/tools.jar
7f8773eff000-7f8773f02000 ---p 00000000 00:00 0 
7f8773f02000-7f8774000000 rw-p 00000000 00:00 0 
7f8774000000-7f8774021000 rw-p 00000000 00:00 0 
7f8774021000-7f8778000000 ---p 00000000 00:00 0 
7f8778000000-7f8778ff6000 rw-p 00000000 00:00 0 
7f8778ff6000-7f877c000000 ---p 00000000 00:00 0 
7f877c000000-7f877c021000 rw-p 00000000 00:00 0 
7f877c021000-7f8780000000 ---p 00000000 00:00 0 
7f8780000000-7f8780021000 rw-p 00000000 00:00 0 
7f8780021000-7f8784000000 ---p 00000000 00:00 0 
7f8784000000-7f8784021000 rw-p 00000000 00:00 0 
7f8784021000-7f8788000000 ---p 00000000 00:00 0 
7f8788000000-7f8788043000 rw-p 00000000 00:00 0 
7f8788043000-7f878c000000 ---p 00000000 00:00 0 
7f878c000000-7f878ca13000 rw-p 00000000 00:00 0 
7f878ca13000-7f8790000000 ---p 00000000 00:00 0 
7f8790000000-7f8790021000 rw-p 00000000 00:00 0 
7f8790021000-7f8794000000 ---p 00000000 00:00 0 
7f8794000000-7f8794021000 rw-p 00000000 00:00 0 
7f8794021000-7f8798000000 ---p 00000000 00:00 0 
7f8798000000-7f87996a6000 rw-p 00000000 00:00 0 
7f87996a6000-7f879c000000 ---p 00000000 00:00 0 
7f879c000000-7f879c021000 rw-p 00000000 00:00 0 
7f879c021000-7f87a0000000 ---p 00000000 00:00 0 
7f87a0000000-7f87a0021000 rw-p 00000000 00:00 0 
7f87a0021000-7f87a4000000 ---p 00000000 00:00 0 
7f87a4000000-7f87a4454000 rw-p 00000000 00:00 0 
7f87a4454000-7f87a8000000 ---p 00000000 00:00 0 
7f87a8000000-7f87a8002000 r--s 00006000 08:02 6687650                    /home/max/android-studio/gradle/m2repository/com/android/tools/jack/jack-api/0.9.0/jack-api-0.9.0.jar
7f87a8002000-7f87a8004000 r--s 00005000 08:02 6687882                    /home/max/android-studio/gradle/m2repository/com/android/tools/jill/jill-api/0.9.0/jill-api-0.9.0.jar
7f87a8004000-7f87a8006000 r--s 00002000 08:02 6687621                    /home/max/android-studio/gradle/m2repository/com/squareup/javawriter/2.5.0/javawriter-2.5.0.jar
7f87a8006000-7f87a8008000 r--s 00006000 08:02 6687608                    /home/max/android-studio/gradle/m2repository/org/ow2/asm/asm-tree/5.0.3/asm-tree-5.0.3.jar
7f87a8008000-7f87a8009000 r--s 00005000 08:02 6687809                    /home/max/android-studio/gradle/m2repository/com/android/tools/build/builder-model/1.3.0/builder-model-1.3.0.jar
7f87a8009000-7f87a800b000 r--s 00015000 08:02 6687769                    /home/max/android-studio/gradle/m2repository/com/android/tools/common/24.3.0/common-24.3.0.jar
7f87a800b000-7f87a8012000 r--s 00068000 08:02 6687744                    /home/max/android-studio/gradle/m2repository/com/android/tools/sdk-common/24.3.0/sdk-common-24.3.0.jar
7f87a8012000-7f87a8013000 r--s 00002000 08:02 6687911                    /home/max/android-studio/gradle/m2repository/net/sf/proguard/proguard-gradle/5.2.1/proguard-gradle-5.2.1.jar
7f87a8013000-7f87a8016000 r--s 00020000 08:02 6687665                    /home/max/android-studio/gradle/m2repository/com/android/tools/lint/lint/24.3.0/lint-24.3.0.jar
7f87a8016000-7f87a801c000 r--s 0003f000 08:02 6687796                    /home/max/android-studio/gradle/m2repository/com/android/tools/build/builder/1.3.0/builder-1.3.0.jar
7f87a801c000-7f87a8031000 r--s 00148000 08:02 6687848                    /home/max/android-studio/gradle/m2repository/com/android/tools/build/gradle-core/1.3.0/gradle-core-1.3.0.jar
7f87a8031000-7f87a8033000 r--s 00012000 08:02 6687836                    /home/max/android-studio/gradle/m2repository/com/android/tools/build/gradle/1.3.0/gradle-1.3.0.jar
7f87a8033000-7f87a8034000 r--p 00000000 00:00 0 
7f87a8034000-7f87a8234000 rw-p 00000000 00:00 0 
7f87a8234000-7f87a823b000 r--s 00000000 08:02 2753443                    /usr/lib/x86_64-linux-gnu/gconv/gconv-modules.cache
7f87a823b000-7f87a823e000 ---p 00000000 00:00 0 
7f87a823e000-7f87a833c000 rw-p 00000000 00:00 0                          [stack:7826]
7f87a833c000-7f87a833f000 ---p 00000000 00:00 0 
7f87a833f000-7f87a843d000 rw-p 00000000 00:00 0                          [stack:7825]
7f87a843d000-7f87a8440000 ---p 00000000 00:00 0 
7f87a8440000-7f87a853e000 rw-p 00000000 00:00 0                          [stack:7824]
7f87a853e000-7f87a8541000 ---p 00000000 00:00 0 
7f87a8541000-7f87a863f000 rw-p 00000000 00:00 0                          [stack:7823]
7f87a863f000-7f87a8642000 ---p 00000000 00:00 0 
7f87a8642000-7f87a8740000 rw-p 00000000 00:00 0                          [stack:7821]
7f87a8740000-7f87a8745000 r--s 00096000 08:02 2897494                    /usr/local/java/jdk1.8.0_65/jre/lib/jsse.jar
7f87a8745000-7f87a8746000 r--s 00002000 08:02 6688739                    /home/max/android-studio/gradle/gradle-2.4/lib/plugins/gradle-tooling-api-builders-2.4.jar
7f87a8746000-7f87a8755000 r--s 00081000 08:02 6688666                    /home/max/android-studio/gradle/gradle-2.4/lib/plugins/joda-time-2.7.jar
7f87a8755000-7f87a8766000 r--s 000cf000 08:02 6688719                    /home/max/android-studio/gradle/gradle-2.4/lib/plugins/jackson-databind-2.3.2.jar
7f87a8766000-7f87a8768000 r--s 00007000 08:02 6688742                    /home/max/android-studio/gradle/gradle-2.4/lib/plugins/jackson-annotations-2.3.2.jar
7f87a8768000-7f87a876b000 r--s 0002e000 08:02 6688698                    /home/max/android-studio/gradle/gradle-2.4/lib/plugins/jackson-core-2.3.2.jar
7f87a876b000-7f87a8776000 r--s 0006b000 08:02 6688768                    /home/max/android-studio/gradle/gradle-2.4/lib/plugins/aws-java-sdk-core-1.9.19.jar
7f87a8776000-7f87a877c000 r--s 00036000 08:02 6688740                    /home/max/android-studio/gradle/gradle-2.4/lib/plugins/aws-java-sdk-kms-1.9.19.jar
7f87a877c000-7f87a8787000 r--s 00079000 08:02 6688650                    /home/max/android-studio/gradle/gradle-2.4/lib/plugins/aws-java-sdk-s3-1.9.19.jar
7f87a8787000-7f87a8788000 r--s 00003000 08:02 6688646                    /home/max/android-studio/gradle/gradle-2.4/lib/plugins/gradle-resources-s3-2.4.jar
7f87a8788000-7f87a878a000 r--s 00003000 08:02 6688669                    /home/max/android-studio/gradle/gradle-2.4/lib/plugins/gradle-resources-sftp-2.4.jar
7f87a878a000-7f87a878b000 r--s 00001000 08:02 6688733                    /home/max/android-studio/gradle/gradle-2.4/lib/plugins/gradle-plugin-development-2.4.jar
7f87a878b000-7f87a878c000 r--s 00005000 08:02 6688683                    /home/max/android-studio/gradle/gradle-2.4/lib/plugins/gradle-testing-native-2.4.jar
7f87a878c000-7f87a8791000 r--s 00036000 08:02 6688649                    /home/max/android-studio/gradle/gradle-2.4/lib/plugins/gradle-ide-native-2.4.jar
7f87a8791000-7f87a8796000 r--s 0001a000 08:02 6688732                    /home/max/android-studio/gradle/gradle-2.4/lib/plugins/gradle-language-native-2.4.jar
7f87a8796000-7f87a879b000 r--s 00022000 08:02 6688728                    /home/max/android-studio/gradle/gradle-2.4/lib/plugins/gradle-platform-play-2.4.jar
7f87a879b000-7f87a87a8000 r--s 00057000 08:02 6688667                    /home/max/android-studio/gradle/gradle-2.4/lib/plugins/gradle-platform-native-2.4.jar
7f87a87a8000-7f87a87ab000 r--s 00008000 08:02 6688673                    /home/max/android-studio/gradle/gradle-2.4/lib/plugins/gradle-language-scala-2.4.jar
7f87a87ab000-7f87a87ad000 r--s 00009000 08:02 6688741                    /home/max/android-studio/gradle/gradle-2.4/lib/plugins/gradle-language-groovy-2.4.jar
7f87a87ad000-7f87a87b3000 r--s 00023000 08:02 6688663                    /home/max/android-studio/gradle/gradle-2.4/lib/plugins/gradle-language-java-2.4.jar
7f87a87b3000-7f87a87b5000 r--s 00008000 08:02 6688720                    /home/max/android-studio/gradle/gradle-2.4/lib/plugins/gradle-language-jvm-2.4.jar
7f87a87b5000-7f87a87b7000 r--s 00009000 08:02 6688699                    /home/max/android-studio/gradle/gradle-2.4/lib/plugins/gradle-platform-jvm-2.4.jar
7f87a87b7000-7f87a87be000 r--s 00020000 08:02 6688690                    /home/max/android-studio/gradle/gradle-2.4/lib/plugins/gradle-platform-base-2.4.jar
7f87a87be000-7f87a87c2000 r--s 00025000 08:02 6688758                    /home/max/android-studio/gradle/gradle-2.4/lib/plugins/gradle-build-init-2.4.jar
7f87a87c2000-7f87a87c5000 r--s 0001c000 08:02 6688769                    /home/max/android-studio/gradle/gradle-2.4/lib/plugins/gradle-jacoco-2.4.jar
7f87a87c5000-7f87a87c8000 r--s 0000e000 08:02 6688691                    /home/max/android-studio/gradle/gradle-2.4/lib/plugins/gradle-ivy-2.4.jar
7f87a87c8000-7f87a87ca000 r--s 00002000 08:02 6688684                    /home/max/android-studio/gradle/gradle-2.4/lib/plugins/gradle-publish-2.4.jar
7f87a87ca000-7f87a87cc000 r--s 00005000 08:02 6688703                    /home/max/android-studio/gradle/gradle-2.4/lib/plugins/jatl-0.2.2.jar
7f87a87cc000-7f87a87ce000 r--s 0000f000 08:02 6688679                    /home/max/android-studio/gradle/gradle-2.4/lib/plugins/gradle-reporting-2.4.jar
7f87a87ce000-7f87a87d3000 r--s 00036000 08:02 6688709                    /home/max/android-studio/gradle/gradle-2.4/lib/plugins/gradle-diagnostics-2.4.jar
7f87a87d3000-7f87a87da000 r--s 00094000 08:02 6688659                    /home/max/android-studio/gradle/gradle-2.4/lib/plugins/gradle-build-comparison-2.4.jar
7f87a87da000-7f87a87e1000 r--s 00035000 08:02 6688718                    /home/max/android-studio/gradle/gradle-2.4/lib/plugins/simple-4.1.21.jar
7f87a87e1000-7f87a87ed000 r--s 00100000 08:02 6688752                    /home/max/android-studio/gradle/gradle-2.4/lib/plugins/rhino-1.7R3.jar
7f87a87ed000-7f87a87f2000 r--s 0001f000 08:02 6688678                    /home/max/android-studio/gradle/gradle-2.4/lib/plugins/gradle-javascript-2.4.jar
7f87a87f2000-7f87a87f4000 r--s 0000e000 08:02 6688665                    /home/max/android-studio/gradle/gradle-2.4/lib/plugins/gradle-ear-2.4.jar
7f87a87f4000-7f87a87fb000 r--s 00038000 08:02 6688705                    /home/max/android-studio/gradle/gradle-2.4/lib/plugins/bcpg-jdk15on-1.51.jar
7f87a87fb000-7f87a87fe000 r--s 0001d000 08:02 6688677                    /home/max/android-studio/gradle/gradle-2.4/lib/plugins/gradle-signing-2.4.jar
7f87a87fe000-7f87a87ff000 r--s 00002000 08:02 6688647                    /home/max/android-studio/gradle/gradle-2.4/lib/plugins/sonar-batch-bootstrapper-2.9.jar
7f87a87ff000-7f87a8802000 r--s 00019000 08:02 6688675                    /home/max/android-studio/gradle/gradle-2.4/lib/plugins/gradle-sonar-2.4.jar
7f87a8802000-7f87a8804000 r--s 00013000 08:02 6688727                    /home/max/android-studio/gradle/gradle-2.4/lib/plugins/gradle-scala-2.4.jar
7f87a8804000-7f87a8805000 r--s 0000e000 08:02 6688670                    /home/max/android-studio/gradle/gradle-2.4/lib/plugins/gradle-announce-2.4.jar
7f87a8805000-7f87a8812000 r--s 000b9000 08:02 6688722                    /home/max/android-studio/gradle/gradle-2.4/lib/plugins/gradle-ide-2.4.jar
7f87a8812000-7f87a8814000 r--s 00000000 08:02 6688745                    /home/max/android-studio/gradle/gradle-2.4/lib/plugins/plexus-component-annotations-1.5.2.jar
7f87a8814000-7f87a8817000 r--s 0000c000 08:02 6688700                    /home/max/android-studio/gradle/gradle-2.4/lib/plugins/pmaven-groovy-0.8-20100325.jar
7f87a8817000-7f87a8818000 r--s 00004000 08:02 6688723                    /home/max/android-studio/gradle/gradle-2.4/lib/plugins/pmaven-common-0.8-20100325.jar
7f87a8818000-7f87a881a000 r--s 0000b000 08:02 6688651                    /home/max/android-studio/gradle/gradle-2.4/lib/plugins/wagon-provider-api-1.0-beta-6.jar
7f87a881a000-7f87a881b000 r--s 00003000 08:02 6688725                    /home/max/android-studio/gradle/gradle-2.4/lib/plugins/wagon-http-lightweight-1.0-beta-6.jar
7f87a881b000-7f87a881c000 r--s 00002000 08:02 6688730                    /home/max/android-studio/gradle/gradle-2.4/lib/plugins/wagon-file-1.0-beta-6.jar
7f87a881c000-7f87a881d000 r--s 0000b000 08:02 6688721                    /home/max/android-studio/gradle/gradle-2.4/lib/plugins/maven-settings-2.2.1.jar
7f87a881d000-7f87a881f000 r--s 00002000 08:02 6688767                    /home/max/android-studio/gradle/gradle-2.4/lib/plugins/maven-error-diagnostics-2.2.1.jar
7f87a881f000-7f87a8823000 r--s 00023000 08:02 6688662                    /home/max/android-studio/gradle/gradle-2.4/lib/plugins/maven-project-2.2.1.jar
7f87a8823000-7f87a8825000 r--s 00014000 08:02 6688706                    /home/max/android-studio/gradle/gradle-2.4/lib/plugins/maven-model-2.2.1.jar
7f87a8825000-7f87a8827000 r--s 00005000 08:02 6688717                    /home/max/android-studio/gradle/gradle-2.4/lib/plugins/maven-repository-metadata-2.2.1.jar
7f87a8827000-7f87a8829000 r--s 0000f000 08:02 6688716                    /home/max/android-studio/gradle/gradle-2.4/lib/plugins/maven-artifact-manager-2.2.1.jar
7f87a8829000-7f87a882c000 r--s 00011000 08:02 6688682                    /home/max/android-studio/gradle/gradle-2.4/lib/plugins/maven-artifact-2.2.1.jar
7f87a882c000-7f87a882e000 r--s 0000b000 08:02 6688696                    /home/max/android-studio/gradle/gradle-2.4/lib/plugins/plexus-interpolation-1.11.jar
7f87a882e000-7f87a8832000 r--s 00034000 08:02 6688688                    /home/max/android-studio/gradle/gradle-2.4/lib/plugins/plexus-utils-1.5.15.jar
7f87a8832000-7f87a8839000 r--s 00029000 08:02 6688693                    /home/max/android-studio/gradle/gradle-2.4/lib/plugins/plexus-container-default-1.0-alpha-9-stable-1.jar
7f87a8839000-7f87a883b000 r--s 00008000 08:02 6688761                    /home/max/android-studio/gradle/gradle-2.4/lib/plugins/classworlds-1.1-alpha-2.jar
7f87a883b000-7f87a8840000 r--s 00023000 08:02 6688660                    /home/max/android-studio/gradle/gradle-2.4/lib/plugins/gradle-maven-2.4.jar
7f87a8840000-7f87a8863000 r--s 00344000 08:02 6688746                    /home/max/android-studio/gradle/gradle-2.4/lib/plugins/core-3.1.1.jar
7f87a8863000-7f87a8879000 r-xp 00000000 08:02 4854173                    /lib/x86_64-linux-gnu/libgcc_s.so.1
7f87a8879000-7f87a8a78000 ---p 00016000 08:02 4854173                    /lib/x86_64-linux-gnu/libgcc_s.so.1
7f87a8a78000-7f87a8a79000 r--p 00015000 08:02 4854173                    /lib/x86_64-linux-gnu/libgcc_s.so.1
7f87a8a79000-7f87a8a7a000 rw-p 00016000 08:02 4854173                    /lib/x86_64-linux-gnu/libgcc_s.so.1
7f87a8a7a000-7f87a8bed000 r-xp 00000000 08:02 2369418                    /usr/lib/x86_64-linux-gnu/libstdc++.so.6.0.21
7f87a8bed000-7f87a8dec000 ---p 00173000 08:02 2369418                    /usr/lib/x86_64-linux-gnu/libstdc++.so.6.0.21
7f87a8dec000-7f87a8df6000 r--p 00172000 08:02 2369418                    /usr/lib/x86_64-linux-gnu/libstdc++.so.6.0.21
7f87a8df6000-7f87a8df8000 rw-p 0017c000 08:02 2369418                    /usr/lib/x86_64-linux-gnu/libstdc++.so.6.0.21
7f87a8df8000-7f87a8dfc000 rw-p 00000000 00:00 0 
7f87a8dfc000-7f87a8e00000 r-xp 00000000 08:02 6559764                    /home/max/.gradle/native/19/linux-amd64/libnative-platform.so
7f87a8e00000-7f87a8fff000 ---p 00004000 08:02 6559764                    /home/max/.gradle/native/19/linux-amd64/libnative-platform.so
7f87a8fff000-7f87a9000000 rw-p 00003000 08:02 6559764                    /home/max/.gradle/native/19/linux-amd64/libnative-platform.so
7f87a9000000-7f87aa0b0000 rwxp 00000000 00:00 0 
7f87aa0b0000-7f87b8000000 ---p 00000000 00:00 0 
7f87b8000000-7f87b8b29000 rw-p 00000000 00:00 0 
7f87b8b29000-7f87bc000000 ---p 00000000 00:00 0 
7f87bc000000-7f87bc018000 r--s 0013b000 08:02 6688755                    /home/max/android-studio/gradle/gradle-2.4/lib/plugins/bndlib-2.1.0.jar
7f87bc018000-7f87bc01a000 r--s 00004000 08:02 6688744                    /home/max/android-studio/gradle/gradle-2.4/lib/plugins/gradle-osgi-2.4.jar
7f87bc01a000-7f87bc01c000 r--s 00007000 08:02 6688764                    /home/max/android-studio/gradle/gradle-2.4/lib/plugins/gradle-antlr-2.4.jar
7f87bc01c000-7f87bc01f000 r--s 0001e000 08:02 6688713                    /home/max/android-studio/gradle/gradle-2.4/lib/plugins/jsp-api-2.1-6.1.14.jar
7f87bc01f000-7f87bc020000 r--s 00006000 08:02 6688770                    /home/max/android-studio/gradle/gradle-2.4/lib/plugins/jetty-naming-6.1.25.jar
7f87bc020000-7f87bc021000 r--s 00002000 08:02 6688689                    /home/max/android-studio/gradle/gradle-2.4/lib/plugins/geronimo-annotation_1.0_spec-1.0.jar
7f87bc021000-7f87bc023000 r--s 00002000 08:02 6688704                    /home/max/android-studio/gradle/gradle-2.4/lib/plugins/jetty-annotations-6.1.25.jar
7f87bc023000-7f87bc034000 r--s 000ea000 08:02 6688729                    /home/max/android-studio/gradle/gradle-2.4/lib/plugins/jsp-2.1-6.1.14.jar
7f87bc034000-7f87bc036000 r--s 0000d000 08:02 6688668                    /home/max/android-studio/gradle/gradle-2.4/lib/plugins/jetty-plus-6.1.25.jar
7f87bc036000-7f87bc038000 r--s 0001f000 08:02 6688695                    /home/max/android-studio/gradle/gradle-2.4/lib/plugins/servlet-api-2.5-20081211.jar
7f87bc038000-7f87bc03c000 r--s 00028000 08:02 6688648                    /home/max/android-studio/gradle/gradle-2.4/lib/plugins/jetty-util-6.1.25.jar
7f87bc03c000-7f87bc043000 r--s 0007d000 08:02 6688734                    /home/max/android-studio/gradle/gradle-2.4/lib/plugins/jetty-6.1.25.jar
7f87bc043000-7f87bc045000 r--s 00009000 08:02 6688766                    /home/max/android-studio/gradle/gradle-2.4/lib/plugins/gradle-jetty-2.4.jar
7f87bc045000-7f87bc04b000 r--s 00041000 08:02 6688753                    /home/max/android-studio/gradle/gradle-2.4/lib/plugins/gradle-code-quality-2.4.jar
7f87bc04b000-7f87bc04d000 r--s 00009000 08:02 6688692                    /home/max/android-studio/gradle/gradle-2.4/lib/plugins/hamcrest-core-1.3.jar
7f87bc04d000-7f87bc053000 r--s 00033000 08:02 6688736                    /home/max/android-studio/gradle/gradle-2.4/lib/plugins/snakeyaml-1.6.jar
7f87bc053000-7f87bc055000 r--s 00006000 08:02 6688671                    /home/max/android-studio/gradle/gradle-2.4/lib/plugins/jcommander-1.12.jar
7f87bc055000-7f87bc05a000 r--s 00040000 08:02 6688743                    /home/max/android-studio/gradle/gradle-2.4/lib/plugins/bsh-2.0b4.jar
7f87bc05a000-7f87bc05c000 r--s 00009000 08:02 6688658                    /home/max/android-studio/gradle/gradle-2.4/lib/plugins/commons-cli-1.2.jar
7f87bc05c000-7f87bc065000 r--s 00089000 08:02 6688686                    /home/max/android-studio/gradle/gradle-2.4/lib/plugins/testng-6.3.1.jar
7f87bc065000-7f87bc06d000 r--s 00045000 08:02 6688757                    /home/max/android-studio/gradle/gradle-2.4/lib/plugins/junit-4.12.jar
7f87bc06d000-7f87bc07a000 r--s 0007a000 08:02 6688697                    /home/max/android-studio/gradle/gradle-2.4/lib/plugins/gradle-plugins-2.4.jar
7f87bc07a000-7f87bc092000 r--s 00115000 08:02 6688726                    /home/max/android-studio/gradle/gradle-2.4/lib/plugins/xercesImpl-2.9.1.jar
7f87bc092000-7f87bc09a000 r--s 00028000 08:02 6688707                    /home/max/android-studio/gradle/gradle-2.4/lib/plugins/xml-apis-1.3.04.jar
7f87bc09a000-7f87bc0a0000 r--s 0005b000 08:02 6688657                    /home/max/android-studio/gradle/gradle-2.4/lib/plugins/jcifs-1.3.17.jar
7f87bc0a0000-7f87bc0a6000 r--s 00031000 08:02 6688672                    /home/max/android-studio/gradle/gradle-2.4/lib/plugins/httpcore-4.2.2.jar
7f87bc0a6000-7f87bc0ac000 r--s 00033000 08:02 6688652                    /home/max/android-studio/gradle/gradle-2.4/lib/plugins/commons-codec-1.6.jar
7f87bc0ac000-7f87bc0af000 r--s 0001c000 08:02 6688762                    /home/max/android-studio/gradle/gradle-2.4/lib/plugins/nekohtml-1.9.14.jar
7f87bc0af000-7f87bc0b8000 r--s 00060000 08:02 6688687                    /home/max/android-studio/gradle/gradle-2.4/lib/plugins/httpclient-4.2.2.jar
7f87bc0b8000-7f87bc0ba000 r--s 00007000 08:02 6688676                    /home/max/android-studio/gradle/gradle-2.4/lib/plugins/gradle-resources-http-2.4.jar
7f87bc0ba000-7f87bc0bd000 r--s 00010000 08:02 6688751                    /home/max/android-studio/gradle/gradle-2.4/lib/plugins/gradle-plugin-use-2.4.jar
7f87bc0bd000-7f87bc0c1000 r--s 0003d000 08:02 6688711                    /home/max/android-studio/gradle/gradle-2.4/lib/plugins/jsch-0.1.51.jar
7f87bc0c1000-7f87bc101000 r--s 00277000 08:02 6688747                    /home/max/android-studio/gradle/gradle-2.4/lib/plugins/bcprov-jdk15on-1.51.jar
7f87bc101000-7f87bc105000 r--s 0001d000 08:02 6688748                    /home/max/android-studio/gradle/gradle-2.4/lib/plugins/xbean-reflect-3.4.jar
7f87bc105000-7f87bc10a000 r--s 0002a000 08:02 6688756                    /home/max/android-studio/gradle/gradle-2.4/lib/plugins/gson-2.2.4.jar
7f87bc10a000-7f87bc119000 r--s 000d9000 08:02 6688738                    /home/max/android-studio/gradle/gradle-2.4/lib/plugins/ivy-2.2.0.jar
7f87bc119000-7f87bc11d000 r--s 0001e000 08:02 6688708                    /home/max/android-studio/gradle/gradle-2.4/lib/plugins/jarjar-aether-impl-1.13.1.jar
7f87bc11d000-7f87bc120000 r--s 00027000 08:02 6688712                    /home/max/android-studio/gradle/gradle-2.4/lib/plugins/jarjar-maven-model-3.0.4.jar
7f87bc120000-7f87bc123000 r--s 0000b000 08:02 6688702                    /home/max/android-studio/gradle/gradle-2.4/lib/plugins/jarjar-maven-artifact-3.0.4.jar
7f87bc123000-7f87bc127000 r--s 0001e000 08:02 6688680                    /home/max/android-studio/gradle/gradle-2.4/lib/plugins/jarjar-aether-util-1.13.1.jar
7f87bc127000-7f87bc129000 r--s 00007000 08:02 6688759                    /home/max/android-studio/gradle/gradle-2.4/lib/plugins/jarjar-wagon-http-shared4-2.4.jar
7f87bc129000-7f87bc136000 r--s 00083000 08:02 6688674                    /home/max/android-studio/gradle/gradle-2.4/lib/plugins/jarjar-maven-core-3.0.4.jar
7f87bc136000-7f87bc138000 r--s 00003000 08:02 6688737                    /home/max/android-studio/gradle/gradle-2.4/lib/plugins/jarjar-aether-spi-1.13.1.jar
7f87bc138000-7f87bc13a000 r--s 00009000 08:02 6688724                    /home/max/android-studio/gradle/gradle-2.4/lib/plugins/jarjar-maven-settings-builder-3.0.4.jar
7f87bc13a000-7f87bc13e000 r--s 00014000 08:02 6688694                    /home/max/android-studio/gradle/gradle-2.4/lib/plugins/jarjar-aether-api-1.13.1.jar
7f87bc13e000-7f87bc13f000 r--s 00002000 08:02 6688749                    /home/max/android-studio/gradle/gradle-2.4/lib/plugins/jarjar-wagon-http-2.4.jar
7f87bc13f000-7f87bc146000 r--s 00042000 08:02 6688681                    /home/max/android-studio/gradle/gradle-2.4/lib/plugins/jarjar-maven-compat-3.0.4.jar
7f87bc146000-7f87bc148000 r--s 00006000 08:02 6688701                    /home/max/android-studio/gradle/gradle-2.4/lib/plugins/jarjar-aether-connector-wagon-1.13.1.jar
7f87bc148000-7f87bc14a000 r--s 00000000 08:02 6688685                    /home/max/android-studio/gradle/gradle-2.4/lib/plugins/jarjar-plexus-component-annotations-1.5.5.jar
7f87bc14a000-7f87bc14c000 r--s 00006000 08:02 6688664                    /home/max/android-studio/gradle/gradle-2.4/lib/plugins/jarjar-plexus-sec-dispatcher-1.3.jar
7f87bc14c000-7f87bc151000 r--s 00022000 08:02 6688750                    /home/max/android-studio/gradle/gradle-2.4/lib/plugins/jarjar-maven-model-builder-3.0.4.jar
7f87bc151000-7f87bc153000 r--s 0000b000 08:02 6688715                    /home/max/android-studio/gradle/gradle-2.4/lib/plugins/jarjar-maven-plugin-api-3.0.4.jar
7f87bc153000-7f87bc156000 r--s 0000a000 08:02 6688661                    /home/max/android-studio/gradle/gradle-2.4/lib/plugins/jarjar-plexus-classworlds-2.4.jar
7f87bc156000-7f87bc15a000 r--s 00035000 08:02 6688760                    /home/max/android-studio/gradle/gradle-2.4/lib/plugins/jarjar-plexus-utils-2.0.6.jar
7f87bc15a000-7f87bc15c000 r--s 0000e000 08:02 6688763                    /home/max/android-studio/gradle/gradle-2.4/lib/plugins/jarjar-plexus-interpolation-1.14.jar
7f87bc15c000-7f87bc15e000 r--s 00002000 08:02 6688710                    /home/max/android-studio/gradle/gradle-2.4/lib/plugins/jarjar-plexus-cipher-1.7.jar
7f87bc15e000-7f87bc160000 r--s 0000c000 08:02 6688754                    /home/max/android-studio/gradle/gradle-2.4/lib/plugins/jarjar-wagon-provider-api-2.4.jar
7f87bc160000-7f87bc162000 r--s 0000d000 08:02 6688765                    /home/max/android-studio/gradle/gradle-2.4/lib/plugins/jarjar-maven-aether-provider-3.0.4.jar
7f87bc162000-7f87bc16a000 r--s 00031000 08:02 6688735                    /home/max/android-studio/gradle/gradle-2.4/lib/plugins/jarjar-plexus-container-default-1.5.5.jar
7f87bc16a000-7f87bc16b000 r--s 00007000 08:02 6688714                    /home/max/android-studio/gradle/gradle-2.4/lib/plugins/jarjar-maven-repository-metadata-3.0.4.jar
7f87bc16b000-7f87bc16c000 r--s 0000b000 08:02 6688731                    /home/max/android-studio/gradle/gradle-2.4/lib/plugins/jarjar-maven-settings-3.0.4.jar
7f87bc16c000-7f87bc186000 r--s 000c0000 08:02 6688653                    /home/max/android-studio/gradle/gradle-2.4/lib/plugins/gradle-dependency-management-2.4.jar
7f87bc186000-7f87bc197000 r-xp 00000000 08:02 2897473                    /usr/local/java/jdk1.8.0_65/jre/lib/amd64/libnio.so
7f87bc197000-7f87bc396000 ---p 00011000 08:02 2897473                    /usr/local/java/jdk1.8.0_65/jre/lib/amd64/libnio.so
7f87bc396000-7f87bc397000 rw-p 00010000 08:02 2897473                    /usr/local/java/jdk1.8.0_65/jre/lib/amd64/libnio.so
7f87bc397000-7f87bc698000 rw-p 00000000 00:00 0 
7f87bc698000-7f87bc6ae000 r-xp 00000000 08:02 2897446                    /usr/local/java/jdk1.8.0_65/jre/lib/amd64/libnet.so
7f87bc6ae000-7f87bc8ae000 ---p 00016000 08:02 2897446                    /usr/local/java/jdk1.8.0_65/jre/lib/amd64/libnet.so
7f87bc8ae000-7f87bc8af000 rw-p 00016000 08:02 2897446                    /usr/local/java/jdk1.8.0_65/jre/lib/amd64/libnet.so
7f87bc8af000-7f87bc8b1000 r--s 00005000 08:02 6688777                    /home/max/android-studio/gradle/gradle-2.4/lib/gradle-wrapper-2.4.jar
7f87bc8b1000-7f87bc8bb000 r--s 00032000 08:02 6688612                    /home/max/android-studio/gradle/gradle-2.4/lib/gradle-tooling-api-2.4.jar
7f87bc8bb000-7f87bc8bd000 r--s 00002000 08:02 6688616                    /home/max/android-studio/gradle/gradle-2.4/lib/gradle-open-api-2.4.jar
7f87bc8bd000-7f87bc8c3000 r--s 00032000 08:02 6688633                    /home/max/android-studio/gradle/gradle-2.4/lib/jaxen-1.1.jar
7f87bc8c3000-7f87bc8c8000 r--s 00048000 08:02 6688609                    /home/max/android-studio/gradle/gradle-2.4/lib/dom4j-1.6.1.jar
7f87bc8c8000-7f87bc8d3000 r--s 00059000 08:02 6688614                    /home/max/android-studio/gradle/gradle-2.4/lib/gradle-ui-2.4.jar
7f87bc8d3000-7f87bc8d5000 r--s 00008000 08:02 6688621                    /home/max/android-studio/gradle/gradle-2.4/lib/gradle-resources-2.4.jar
7f87bc8d5000-7f87bc8d7000 r--s 00007000 08:02 6688635                    /home/max/android-studio/gradle/gradle-2.4/lib/objenesis-1.2.jar
7f87bc8d7000-7f87bc8d9000 r--s 00000000 08:02 6688636                    /home/max/android-studio/gradle/gradle-2.4/lib/minlog-1.2.jar
7f87bc8d9000-7f87bc8db000 r--s 0000f000 08:02 6688639                    /home/max/android-studio/gradle/gradle-2.4/lib/reflectasm-1.07-shaded.jar
7f87bc8db000-7f87bc8df000 r--s 00026000 08:02 6688772                    /home/max/android-studio/gradle/gradle-2.4/lib/kryo-2.20.jar
7f87bc8df000-7f87bc8e8000 r--s 0003c000 08:02 6688623                    /home/max/android-studio/gradle/gradle-2.4/lib/gradle-messaging-2.4.jar
7f87bc8e8000-7f87bc8e9000 r--s 00003000 08:02 6688642                    /home/max/android-studio/gradle/gradle-2.4/lib/native-platform-freebsd-amd64-0.10.jar
7f87bc8e9000-7f87bc8ea000 r--s 00003000 08:02 6688628                    /home/max/android-studio/gradle/gradle-2.4/lib/native-platform-freebsd-i386-0.10.jar
7f87bc8ea000-7f87bc8eb000 r--s 00005000 08:02 6688631                    /home/max/android-studio/gradle/gradle-2.4/lib/native-platform-windows-i386-0.10.jar
7f87bc8eb000-7f87bc8ec000 r--s 00005000 08:02 6688606                    /home/max/android-studio/gradle/gradle-2.4/lib/native-platform-windows-amd64-0.10.jar
7f87bc8ec000-7f87bc8ed000 r--s 00003000 08:02 6688608                    /home/max/android-studio/gradle/gradle-2.4/lib/native-platform-linux-i386-0.10.jar
7f87bc8ed000-7f87bc8ee000 r--s 00003000 08:02 6688613                    /home/max/android-studio/gradle/gradle-2.4/lib/native-platform-linux-amd64-0.10.jar
7f87bc8ee000-7f87bc8ef000 r--s 00002000 08:02 6688773                    /home/max/android-studio/gradle/gradle-2.4/lib/native-platform-osx-amd64-0.10.jar
7f87bc8ef000-7f87bc8f0000 r--s 00002000 08:02 6688626                    /home/max/android-studio/gradle/gradle-2.4/lib/native-platform-osx-i386-0.10.jar
7f87bc8f0000-7f87bc8f2000 r--s 00008000 08:02 6688625                    /home/max/android-studio/gradle/gradle-2.4/lib/jansi-1.2.1.jar
7f87bc8f2000-7f87bc8f5000 r--s 0000d000 08:02 6688637                    /home/max/android-studio/gradle/gradle-2.4/lib/native-platform-0.10.jar
7f87bc8f5000-7f87bc8f9000 r--s 000e4000 08:02 6688607                    /home/max/android-studio/gradle/gradle-2.4/lib/jna-3.2.7.jar
7f87bc8f9000-7f87bc8fb000 r--s 00008000 08:02 6688641                    /home/max/android-studio/gradle/gradle-2.4/lib/gradle-native-2.4.jar
7f87bc8fb000-7f87bc8fd000 r--s 00005000 08:02 6688627                    /home/max/android-studio/gradle/gradle-2.4/lib/gradle-cli-2.4.jar
7f87bc8fd000-7f87bc8ff000 r--s 00005000 08:02 6688611                    /home/max/android-studio/gradle/gradle-2.4/lib/gradle-model-groovy-2.4.jar
7f87bc8ff000-7f87bc900000 r--s 00004000 08:02 6688644                    /home/max/android-studio/gradle/gradle-2.4/lib/gradle-base-services-groovy-2.4.jar
7f87bc900000-7f87bc908000 r--s 00040000 08:02 6688632                    /home/max/android-studio/gradle/gradle-2.4/lib/gradle-model-core-2.4.jar
7f87bc908000-7f87bc909000 r--s 00000000 08:02 6688619                    /home/max/android-studio/gradle/gradle-2.4/lib/gradle-docs-2.4.jar
7f87bc909000-7f87bc90b000 r--s 00003000 08:02 6688617                    /home/max/android-studio/gradle/gradle-2.4/lib/jcl-over-slf4j-1.7.10.jar
7f87bc90b000-7f87bc90c000 r--s 00005000 08:02 6688774                    /home/max/android-studio/gradle/gradle-2.4/lib/log4j-over-slf4j-1.7.10.jar
7f87bc90c000-7f87bc90d000 r--s 00000000 08:02 6688630                    /home/max/android-studio/gradle/gradle-2.4/lib/javax.inject-1.jar
7f87bc90d000-7f87bc910000 r--s 0001b000 08:02 6688615                    /home/max/android-studio/gradle/gradle-2.4/lib/jarjar-1.3.jar
7f87bc910000-7f87bc912000 r--s 00000000 08:02 6688771                    /home/max/android-studio/gradle/gradle-2.4/lib/jul-to-slf4j-1.7.10.jar
7f87bc912000-7f87bc913000 r--s 00000000 08:02 6688624                    /home/max/android-studio/gradle/gradle-2.4/lib/jcip-annotations-1.0.jar
7f87bc913000-7f87bc916000 r--s 00018000 08:02 6688643                    /home/max/android-studio/gradle/gradle-2.4/lib/commons-io-1.4.jar
7f87bc916000-7f87bc924000 r--s 0007f000 08:02 6688638                    /home/max/android-studio/gradle/gradle-2.4/lib/commons-collections-3.2.1.jar
7f87bc924000-7f87bc990000 r--s 00689000 08:02 6688775                    /home/max/android-studio/gradle/gradle-2.4/lib/groovy-all-2.3.10.jar
7f87bc990000-7f87bc9b8000 r--s 001cf000 08:02 6688618                    /home/max/android-studio/gradle/gradle-2.4/lib/guava-jdk5-17.0.jar
7f87bc9b8000-7f87bc9d6000 r--s 001cf000 08:02 6688776                    /home/max/android-studio/gradle/gradle-2.4/lib/ant-1.9.4.jar
7f87bc9d6000-7f87bca0a000 r--s 001a4000 08:02 6688620                    /home/max/android-studio/gradle/gradle-2.4/lib/gradle-core-2.4.jar
7f87bca0a000-7f87bca0b000 ---p 00000000 00:00 0 
7f87bca0b000-7f87bcb0b000 rw-p 00000000 00:00 0                          [stack:7819]
7f87bcb0b000-7f87bcb0e000 ---p 00000000 00:00 0 
7f87bcb0e000-7f87bcc0c000 rw-p 00000000 00:00 0                          [stack:7818]
7f87bcc0c000-7f87bcc0f000 ---p 00000000 00:00 0 
7f87bcc0f000-7f87bcd0d000 rw-p 00000000 00:00 0                          [stack:7817]
7f87bcd0d000-7f87bcd10000 ---p 00000000 00:00 0 
7f87bcd10000-7f87bce0e000 rw-p 00000000 00:00 0                          [stack:7816]
7f87bce0e000-7f87bce11000 ---p 00000000 00:00 0 
7f87bce11000-7f87bcf0f000 rw-p 00000000 00:00 0                          [stack:7815]
7f87bcf0f000-7f87bd5f2000 r--p 00000000 08:02 2367115                    /usr/lib/locale/locale-archive
7f87bd5f2000-7f87bd5f5000 ---p 00000000 00:00 0 
7f87bd5f5000-7f87bd6f3000 rw-p 00000000 00:00 0                          [stack:7814]
7f87bd6f3000-7f87bd6f6000 ---p 00000000 00:00 0 
7f87bd6f6000-7f87bd7f4000 rw-p 00000000 00:00 0                          [stack:7813]
7f87bd7f4000-7f87bd7f5000 ---p 00000000 00:00 0 
7f87bd7f5000-7f87bd8f5000 rw-p 00000000 00:00 0                          [stack:7812]
7f87bd8f5000-7f87bdacd000 r--s 03d20000 08:02 2897491                    /usr/local/java/jdk1.8.0_65/jre/lib/rt.jar
7f87bdacd000-7f87be343000 rw-p 00000000 00:00 0 
7f87be343000-7f87be367000 rw-p 00000000 00:00 0 
7f87be367000-7f87be499000 ---p 00000000 00:00 0 
7f87be499000-7f87be4aa000 rw-p 00000000 00:00 0 
7f87be4aa000-7f87be543000 ---p 00000000 00:00 0 
7f87be543000-7f87be568000 rw-p 00000000 00:00 0 
7f87be568000-7f87be699000 ---p 00000000 00:00 0 
7f87be699000-7f87be6dd000 rw-p 00000000 00:00 0 
7f87be6dd000-7f87bea5a000 ---p 00000000 00:00 0 
7f87bea5a000-7f87bea74000 r-xp 00000000 08:02 2897441                    /usr/local/java/jdk1.8.0_65/jre/lib/amd64/libzip.so
7f87bea74000-7f87bec74000 ---p 0001a000 08:02 2897441                    /usr/local/java/jdk1.8.0_65/jre/lib/amd64/libzip.so
7f87bec74000-7f87bec75000 rw-p 0001a000 08:02 2897441                    /usr/local/java/jdk1.8.0_65/jre/lib/amd64/libzip.so
7f87bec75000-7f87bec81000 r-xp 00000000 08:02 4854229                    /lib/x86_64-linux-gnu/libnss_files-2.21.so
7f87bec81000-7f87bee80000 ---p 0000c000 08:02 4854229                    /lib/x86_64-linux-gnu/libnss_files-2.21.so
7f87bee80000-7f87bee81000 r--p 0000b000 08:02 4854229                    /lib/x86_64-linux-gnu/libnss_files-2.21.so
7f87bee81000-7f87bee82000 rw-p 0000c000 08:02 4854229                    /lib/x86_64-linux-gnu/libnss_files-2.21.so
7f87bee82000-7f87bee8d000 r-xp 00000000 08:02 4854239                    /lib/x86_64-linux-gnu/libnss_nis-2.21.so
7f87bee8d000-7f87bf08c000 ---p 0000b000 08:02 4854239                    /lib/x86_64-linux-gnu/libnss_nis-2.21.so
7f87bf08c000-7f87bf08d000 r--p 0000a000 08:02 4854239                    /lib/x86_64-linux-gnu/libnss_nis-2.21.so
7f87bf08d000-7f87bf08e000 rw-p 0000b000 08:02 4854239                    /lib/x86_64-linux-gnu/libnss_nis-2.21.so
7f87bf08e000-7f87bf0a5000 r-xp 00000000 08:02 4854223                    /lib/x86_64-linux-gnu/libnsl-2.21.so
7f87bf0a5000-7f87bf2a4000 ---p 00017000 08:02 4854223                    /lib/x86_64-linux-gnu/libnsl-2.21.so
7f87bf2a4000-7f87bf2a5000 r--p 00016000 08:02 4854223                    /lib/x86_64-linux-gnu/libnsl-2.21.so
7f87bf2a5000-7f87bf2a6000 rw-p 00017000 08:02 4854223                    /lib/x86_64-linux-gnu/libnsl-2.21.so
7f87bf2a6000-7f87bf2a8000 rw-p 00000000 00:00 0 
7f87bf2a8000-7f87bf2b0000 r-xp 00000000 08:02 4854225                    /lib/x86_64-linux-gnu/libnss_compat-2.21.so
7f87bf2b0000-7f87bf4af000 ---p 00008000 08:02 4854225                    /lib/x86_64-linux-gnu/libnss_compat-2.21.so
7f87bf4af000-7f87bf4b0000 r--p 00007000 08:02 4854225                    /lib/x86_64-linux-gnu/libnss_compat-2.21.so
7f87bf4b0000-7f87bf4b1000 rw-p 00008000 08:02 4854225                    /lib/x86_64-linux-gnu/libnss_compat-2.21.so
7f87bf4b1000-7f87bf4db000 r-xp 00000000 08:02 2897419                    /usr/local/java/jdk1.8.0_65/jre/lib/amd64/libjava.so
7f87bf4db000-7f87bf6db000 ---p 0002a000 08:02 2897419                    /usr/local/java/jdk1.8.0_65/jre/lib/amd64/libjava.so
7f87bf6db000-7f87bf6dd000 rw-p 0002a000 08:02 2897419                    /usr/local/java/jdk1.8.0_65/jre/lib/amd64/libjava.so
7f87bf6dd000-7f87bf6ea000 r-xp 00000000 08:02 2897435                    /usr/local/java/jdk1.8.0_65/jre/lib/amd64/libverify.so
7f87bf6ea000-7f87bf8ea000 ---p 0000d000 08:02 2897435                    /usr/local/java/jdk1.8.0_65/jre/lib/amd64/libverify.so
7f87bf8ea000-7f87bf8ec000 rw-p 0000d000 08:02 2897435                    /usr/local/java/jdk1.8.0_65/jre/lib/amd64/libverify.so
7f87bf8ec000-7f87bf8f3000 r-xp 00000000 08:02 4854284                    /lib/x86_64-linux-gnu/librt-2.21.so
7f87bf8f3000-7f87bfaf2000 ---p 00007000 08:02 4854284                    /lib/x86_64-linux-gnu/librt-2.21.so
7f87bfaf2000-7f87bfaf3000 r--p 00006000 08:02 4854284                    /lib/x86_64-linux-gnu/librt-2.21.so
7f87bfaf3000-7f87bfaf4000 rw-p 00007000 08:02 4854284                    /lib/x86_64-linux-gnu/librt-2.21.so
7f87bfaf4000-7f87bfbfb000 r-xp 00000000 08:02 4854202                    /lib/x86_64-linux-gnu/libm-2.21.so
7f87bfbfb000-7f87bfdfa000 ---p 00107000 08:02 4854202                    /lib/x86_64-linux-gnu/libm-2.21.so
7f87bfdfa000-7f87bfdfb000 r--p 00106000 08:02 4854202                    /lib/x86_64-linux-gnu/libm-2.21.so
7f87bfdfb000-7f87bfdfc000 rw-p 00107000 08:02 4854202                    /lib/x86_64-linux-gnu/libm-2.21.so
7f87bfdfc000-7f87c0aba000 r-xp 00000000 08:02 2897457                    /usr/local/java/jdk1.8.0_65/jre/lib/amd64/server/libjvm.so
7f87c0aba000-7f87c0cb9000 ---p 00cbe000 08:02 2897457                    /usr/local/java/jdk1.8.0_65/jre/lib/amd64/server/libjvm.so
7f87c0cb9000-7f87c0d91000 rw-p 00cbd000 08:02 2897457                    /usr/local/java/jdk1.8.0_65/jre/lib/amd64/server/libjvm.so
7f87c0d91000-7f87c0dd6000 rw-p 00000000 00:00 0 
7f87c0dd6000-7f87c0f96000 r-xp 00000000 08:02 4854140                    /lib/x86_64-linux-gnu/libc-2.21.so
7f87c0f96000-7f87c1196000 ---p 001c0000 08:02 4854140                    /lib/x86_64-linux-gnu/libc-2.21.so
7f87c1196000-7f87c119a000 r--p 001c0000 08:02 4854140                    /lib/x86_64-linux-gnu/libc-2.21.so
7f87c119a000-7f87c119c000 rw-p 001c4000 08:02 4854140                    /lib/x86_64-linux-gnu/libc-2.21.so
7f87c119c000-7f87c11a0000 rw-p 00000000 00:00 0 
7f87c11a0000-7f87c11a3000 r-xp 00000000 08:02 4854159                    /lib/x86_64-linux-gnu/libdl-2.21.so
7f87c11a3000-7f87c13a2000 ---p 00003000 08:02 4854159                    /lib/x86_64-linux-gnu/libdl-2.21.so
7f87c13a2000-7f87c13a3000 r--p 00002000 08:02 4854159                    /lib/x86_64-linux-gnu/libdl-2.21.so
7f87c13a3000-7f87c13a4000 rw-p 00003000 08:02 4854159                    /lib/x86_64-linux-gnu/libdl-2.21.so
7f87c13a4000-7f87c13b9000 r-xp 00000000 08:02 2758302                    /usr/local/java/jdk1.8.0_65/lib/amd64/jli/libjli.so
7f87c13b9000-7f87c15b9000 ---p 00015000 08:02 2758302                    /usr/local/java/jdk1.8.0_65/lib/amd64/jli/libjli.so
7f87c15b9000-7f87c15ba000 rw-p 00015000 08:02 2758302                    /usr/local/java/jdk1.8.0_65/lib/amd64/jli/libjli.so
7f87c15ba000-7f87c15d2000 r-xp 00000000 08:02 4854276                    /lib/x86_64-linux-gnu/libpthread-2.21.so
7f87c15d2000-7f87c17d2000 ---p 00018000 08:02 4854276                    /lib/x86_64-linux-gnu/libpthread-2.21.so
7f87c17d2000-7f87c17d3000 r--p 00018000 08:02 4854276                    /lib/x86_64-linux-gnu/libpthread-2.21.so
7f87c17d3000-7f87c17d4000 rw-p 00019000 08:02 4854276                    /lib/x86_64-linux-gnu/libpthread-2.21.so
7f87c17d4000-7f87c17d8000 rw-p 00000000 00:00 0 
7f87c17d8000-7f87c17fc000 r-xp 00000000 08:02 4854112                    /lib/x86_64-linux-gnu/ld-2.21.so
7f87c17fc000-7f87c1801000 r--s 00036000 08:02 6688629                    /home/max/android-studio/gradle/gradle-2.4/lib/asm-all-5.0.3.jar
7f87c1801000-7f87c1806000 r--s 00041000 08:02 6688610                    /home/max/android-studio/gradle/gradle-2.4/lib/commons-lang-2.6.jar
7f87c1806000-7f87c18d8000 rw-p 00000000 00:00 0 
7f87c18d8000-7f87c18db000 ---p 00000000 00:00 0 
7f87c18db000-7f87c19dd000 rw-p 00000000 00:00 0                          [stack:7811]
7f87c19dd000-7f87c19de000 r--s 00007000 08:02 6688605                    /home/max/android-studio/gradle/gradle-2.4/lib/slf4j-api-1.7.10.jar
7f87c19de000-7f87c19df000 r--s 00004000 08:02 6688622                    /home/max/android-studio/gradle/gradle-2.4/lib/ant-launcher-1.9.4.jar
7f87c19df000-7f87c19e6000 r--s 00030000 08:02 6688634                    /home/max/android-studio/gradle/gradle-2.4/lib/gradle-base-services-2.4.jar
7f87c19e6000-7f87c19ef000 r--s 00040000 08:02 6688640                    /home/max/android-studio/gradle/gradle-2.4/lib/gradle-launcher-2.4.jar
7f87c19ef000-7f87c19f7000 rw-s 00000000 08:02 4329324                    /tmp/hsperfdata_max/7808
7f87c19f7000-7f87c19f8000 rw-p 00000000 00:00 0 
7f87c19f8000-7f87c19f9000 ---p 00000000 00:00 0 
7f87c19f9000-7f87c19fb000 rw-p 00000000 00:00 0 
7f87c19fb000-7f87c19fc000 r--p 00023000 08:02 4854112                    /lib/x86_64-linux-gnu/ld-2.21.so
7f87c19fc000-7f87c19fd000 rw-p 00024000 08:02 4854112                    /lib/x86_64-linux-gnu/ld-2.21.so
7f87c19fd000-7f87c19fe000 rw-p 00000000 00:00 0 
7ffdc88b9000-7ffdc88da000 rw-p 00000000 00:00 0                          [stack]
7ffdc8966000-7ffdc8968000 r--p 00000000 00:00 0                          [vvar]
7ffdc8968000-7ffdc896a000 r-xp 00000000 00:00 0                          [vdso]
ffffffffff600000-ffffffffff601000 r-xp 00000000 00:00 0                  [vsyscall]

VM Arguments:
jvm_args: -XX:MaxPermSize=256m -XX:+HeapDumpOnOutOfMemoryError -Xmx1024m -Dfile.encoding=UTF-8 -Duser.country=US -Duser.language=en -Duser.variant 
java_command: org.gradle.launcher.daemon.bootstrap.GradleDaemon 2.4 /home/max/.gradle /home/max/.gradle/daemon 10800000 8ca54ff5-45dc-4ad9-b9ce-6036e526c7a4 -XX:MaxPermSize=256m -XX:+HeapDumpOnOutOfMemoryError -Xmx1024m -Dfile.encoding=UTF-8 -Duser.country=US -Duser.language=en -Duser.variant
java_class_path (initial): /home/max/android-studio/gradle/gradle-2.4/lib/gradle-launcher-2.4.jar
Launcher Type: SUN_STANDARD

Environment Variables:
JAVA_HOME=/usr/local/java/jdk1.8.0_65
JRE_HOME=/usr/local/java/jre-8u65
PATH=/usr/local/sbin:/usr/local/bin:/usr/sbin:/usr/bin:/sbin:/bin:/usr/games:/usr/local/games:/home/max/bin:/usr/local/java/jdk1.8.0_65/bin:/home/max/bin:/usr/local/java/jre-8u65/bin
SHELL=/bin/bash
DISPLAY=:0

Signal Handlers:
SIGSEGV: [libjvm.so+0xaba070], sa_mask[0]=11111111011111111101111111111110, sa_flags=SA_RESTART|SA_SIGINFO
SIGBUS: [libjvm.so+0xaba070], sa_mask[0]=11111111011111111101111111111110, sa_flags=SA_RESTART|SA_SIGINFO
SIGFPE: [libjvm.so+0x917630], sa_mask[0]=11111111011111111101111111111110, sa_flags=SA_RESTART|SA_SIGINFO
SIGPIPE: [libjvm.so+0x917630], sa_mask[0]=11111111011111111101111111111110, sa_flags=SA_RESTART|SA_SIGINFO
SIGXFSZ: [libjvm.so+0x917630], sa_mask[0]=11111111011111111101111111111110, sa_flags=SA_RESTART|SA_SIGINFO
SIGILL: [libjvm.so+0x917630], sa_mask[0]=11111111011111111101111111111110, sa_flags=SA_RESTART|SA_SIGINFO
SIGUSR1: SIG_DFL, sa_mask[0]=00000000000000000000000000000000, sa_flags=none
SIGUSR2: [libjvm.so+0x918c60], sa_mask[0]=00100000000000000000000000000000, sa_flags=SA_RESTART|SA_SIGINFO
SIGHUP: [libjvm.so+0x91a060], sa_mask[0]=11111111011111111101111111111110, sa_flags=SA_RESTART|SA_SIGINFO
SIGINT: [libjvm.so+0x91a060], sa_mask[0]=11111111011111111101111111111110, sa_flags=SA_RESTART|SA_SIGINFO
SIGTERM: [libjvm.so+0x91a060], sa_mask[0]=11111111011111111101111111111110, sa_flags=SA_RESTART|SA_SIGINFO
SIGQUIT: [libjvm.so+0x91a060], sa_mask[0]=11111111011111111101111111111110, sa_flags=SA_RESTART|SA_SIGINFO


---------------  S Y S T E M  ---------------

OS:DISTRIB_ID=Ubuntu
DISTRIB_RELEASE=15.10
DISTRIB_CODENAME=wily
DISTRIB_DESCRIPTION="Ubuntu 15.10"

uname:Linux 4.2.0-18-generic #22-Ubuntu SMP Fri Nov 6 18:25:50 UTC 2015 x86_64
libc:glibc 2.21 NPTL 2.21 
rlimit: STACK 8192k, CORE 0k, NPROC 4907, NOFILE 65536, AS infinity
load average:3,41 2,87 2,72

/proc/meminfo:
MemTotal:        1471916 kB
MemFree:           12828 kB
MemAvailable:      36328 kB
Buffers:             392 kB
Cached:            14088 kB
SwapCached:         7148 kB
Active:           966840 kB
Inactive:         338304 kB
Active(anon):     959752 kB
Inactive(anon):   331388 kB
Active(file):       7088 kB
Inactive(file):     6916 kB
Unevictable:          32 kB
Mlocked:              32 kB
SwapTotal:       1511420 kB
SwapFree:            152 kB
Dirty:                36 kB
Writeback:             4 kB
AnonPages:       1283724 kB
Mapped:            10904 kB
Shmem:               316 kB
Slab:              58404 kB
SReclaimable:      27232 kB
SUnreclaim:        31172 kB
KernelStack:        8656 kB
PageTables:        35344 kB
NFS_Unstable:          0 kB
Bounce:                0 kB
WritebackTmp:          0 kB
CommitLimit:     2247376 kB
Committed_AS:    6102668 kB
VmallocTotal:   34359738367 kB
VmallocUsed:      295000 kB
VmallocChunk:   34358947836 kB
HardwareCorrupted:     0 kB
AnonHugePages:     32768 kB
CmaTotal:              0 kB
CmaFree:               0 kB
HugePages_Total:       0
HugePages_Free:        0
HugePages_Rsvd:        0
HugePages_Surp:        0
Hugepagesize:       2048 kB
DirectMap4k:      961404 kB
DirectMap2M:      550912 kB
DirectMap1G:           0 kB


CPU:total 2 (2 cores per cpu, 1 threads per core) family 22 model 0 stepping 1, cmov, cx8, fxsr, mmx, sse, sse2, sse3, ssse3, sse4.1, sse4.2, popcnt, avx, aes, clmul, mmxext, 3dnowpref, lzcnt, sse4a, tsc, tscinvbit, tscinv, bmi1

/proc/cpuinfo:
processor	: 0
vendor_id	: AuthenticAMD
cpu family	: 22
model		: 0
model name	: AMD A4-1200 APU with Radeon(TM) HD Graphics
stepping	: 1
microcode	: 0x700010f
cpu MHz		: 1000.000
cache size	: 1024 KB
physical id	: 0
siblings	: 2
core id		: 0
cpu cores	: 2
apicid		: 0
initial apicid	: 0
fpu		: yes
fpu_exception	: yes
cpuid level	: 13
wp		: yes
flags		: fpu vme de pse tsc msr pae mce cx8 apic sep mtrr pge mca cmov pat pse36 clflush mmx fxsr sse sse2 ht syscall nx mmxext fxsr_opt pdpe1gb rdtscp lm constant_tsc rep_good nopl nonstop_tsc extd_apicid aperfmperf eagerfpu pni pclmulqdq monitor ssse3 cx16 sse4_1 sse4_2 movbe popcnt aes xsave avx f16c lahf_lm cmp_legacy svm extapic cr8_legacy abm sse4a misalignsse 3dnowprefetch osvw ibs skinit wdt topoext perfctr_nb bpext perfctr_l2 arat hw_pstate proc_feedback npt lbrv svm_lock nrip_save tsc_scale flushbyasid decodeassists pausefilter pfthreshold vmmcall bmi1 xsaveopt
bugs		: fxsave_leak sysret_ss_attrs
bogomips	: 1996.27
TLB size	: 1024 4K pages
clflush size	: 64
cache_alignment	: 64
address sizes	: 40 bits physical, 48 bits virtual
power management: ts ttp tm 100mhzsteps hwpstate [11]

processor	: 1
vendor_id	: AuthenticAMD
cpu family	: 22
model		: 0
model name	: AMD A4-1200 APU with Radeon(TM) HD Graphics
stepping	: 1
microcode	: 0x700010f
cpu MHz		: 1000.000
cache size	: 1024 KB
physical id	: 0
siblings	: 2
core id		: 1
cpu cores	: 2
apicid		: 1
initial apicid	: 1
fpu		: yes
fpu_exception	: yes
cpuid level	: 13
wp		: yes
flags		: fpu vme de pse tsc msr pae mce cx8 apic sep mtrr pge mca cmov pat pse36 clflush mmx fxsr sse sse2 ht syscall nx mmxext fxsr_opt pdpe1gb rdtscp lm constant_tsc rep_good nopl nonstop_tsc extd_apicid aperfmperf eagerfpu pni pclmulqdq monitor ssse3 cx16 sse4_1 sse4_2 movbe popcnt aes xsave avx f16c lahf_lm cmp_legacy svm extapic cr8_legacy abm sse4a misalignsse 3dnowprefetch osvw ibs skinit wdt topoext perfctr_nb bpext perfctr_l2 arat hw_pstate proc_feedback npt lbrv svm_lock nrip_save tsc_scale flushbyasid decodeassists pausefilter pfthreshold vmmcall bmi1 xsaveopt
bugs		: fxsave_leak sysret_ss_attrs
bogomips	: 1996.27
TLB size	: 1024 4K pages
clflush size	: 64
cache_alignment	: 64
address sizes	: 40 bits physical, 48 bits virtual
power management: ts ttp tm 100mhzsteps hwpstate [11]



Memory: 4k page, physical 1471916k(12828k free), swap 1511420k(172k free)

vm_info: Java HotSpot(TM) 64-Bit Server VM (25.65-b01) for linux-amd64 JRE (1.8.0_65-b17), built on Oct  6 2015 17:16:12 by "java_re" with gcc 4.3.0 20080428 (Red Hat 4.3.0-8)

time: Sun Nov 15 22:30:28 2015
elapsed time: 78 seconds (0d 0h 1m 18s)

